2024-03-16 15:41:43.771 [INFO]: No proxy settings found
2024-03-16 15:41:44.110 [INFO]: Creating manager directory: /tmp/81105e0e-5a5d-4db3-85f8-9aa5f247633f/codeium/manager
2024-03-16 15:41:44.433 [INFO]: Using cached LS with valid crc32: /home/unk0wn/.vscode-oss/extensions/codeium.codeium-1.8.11-universal/dist/ae9d4149edcf0d092aac843e1d0e2d395e771664/language_server_linux_x64
2024-03-16 15:41:44.440 [INFO]: Language server started
2024-03-16 15:41:44.584 [INFO]: [Language Server (stderr)]:
I0316 15:41:44.583424 22209 main.go:544] Starting language server manager with pid 22209
I0316 15:41:44.583494 22209 main.go:107] Manager acquired its lock file /tmp/81105e0e-5a5d-4db3-85f8-9aa5f247633f/codeium/manager/locks/manager.lock
2024-03-16 15:41:44.584 [INFO]: [Language Server (stderr)]:
I0316 15:41:44.584031 22209 main.go:245] Waiting for random port file in /tmp/81105e0e-5a5d-4db3-85f8-9aa5f247633f/codeium/manager/child_random_port_1710621704583571161_8629302892780121681 to be created
2024-03-16 15:41:44.699 [INFO]: [Language Server (stderr)]:
I0316 15:41:44.698999 22330 main.go:538] Starting language server process with pid 22330
I0316 15:41:44.699033 22330 server.go:151] Language server will attempt to listen on host 127.0.0.1
I0316 15:41:44.699121 22330 server.go:158] Language server listening on random port at 45551
2024-03-16 15:41:44.699 [INFO]: [Language Server (stderr)]:
I0316 15:41:44.699150 22330 proxy.go:113] proxyplease.proxy> No proxy provided. Attempting to infer from system.
I0316 15:41:44.699165 22330 proxy.go:113] proxyplease.proxy> No proxy could be determined. Assuming a direct connection.
I0316 15:41:44.699175 22330 client.go:589] [DEBUG] GET https://server.codeium.com/exa.api_server_pb.ApiServerService/GetCompletions
2024-03-16 15:41:44.839 [INFO]: [Language Server (stderr)]:
I0316 15:41:44.839263 22330 unleash.go:86] Initializing Unleash
2024-03-16 15:41:44.952 [INFO]: [Language Server (stderr)]:
I0316 15:41:44.951912 22330 unleash.go:106] Successfully initialized Unleash
2024-03-16 15:41:44.955 [INFO]: [Language Server (stderr)]:
I0316 15:41:44.954989 22330 server.go:336] Successfully created API server client
2024-03-16 15:41:44.957 [INFO]: [Language Server (stderr)]:
I0316 15:41:44.956839 22330 server.go:350] Successfully created API streaming client
2024-03-16 15:41:44.981 [INFO]: [Language Server (stderr)]:
I0316 15:41:44.980959 22330 server.go:359] Successfully initialized tokenizer
I0316 15:41:44.981015 22330 search_provider.go:169] Using database at /home/unk0wn/.codeium/database/9c0694567290725d9dcba14ade58e297/2/MODEL_EMBED_6591
2024-03-16 15:41:44.982 [INFO]: [Language Server (stderr)]:
I0316 15:41:44.981609 22330 search_provider.go:181] Successfully created embedding search database
2024-03-16 15:41:44.982 [INFO]: [Language Server (stderr)]:
I0316 15:41:44.981891 22330 search_provider.go:229] Successfully created embedding search provider
I0316 15:41:44.981898 22330 server.go:444] Successfully created exact search provider
2024-03-16 15:41:44.982 [INFO]: [Language Server (stderr)]:
E0316 15:41:44.982455 22330 unleash.go:57] Unleash error: Version string empty
E0316 15:41:44.982463 22330 unleash.go:57] Unleash error: Version string empty
E0316 15:41:44.982493 22330 unleash.go:57] Unleash error: Version string empty
E0316 15:41:44.982510 22330 unleash.go:57] Unleash error: Version string empty
2024-03-16 15:41:44.985 [INFO]: [Language Server (stderr)]:
I0316 15:41:44.985211 22330 server.go:472] Successfully created completion provider
2024-03-16 15:41:45.032 [INFO]: [Language Server (stderr)]:
I0316 15:41:45.031845 22330 server.go:548] Child process attempting to acquire lock file /tmp/81105e0e-5a5d-4db3-85f8-9aa5f247633f/codeium/manager/locks/child_lock_1710621704583615852_6366002511885824657
I0316 15:41:45.031898 22330 server.go:558] Child process acquired lock file /tmp/81105e0e-5a5d-4db3-85f8-9aa5f247633f/codeium/manager/locks/child_lock_1710621704583615852_6366002511885824657
2024-03-16 15:41:45.034 [INFO]: [Language Server (stderr)]:
I0316 15:41:45.034278 22330 server.go:178] LSP listening on random port at 39623
2024-03-16 15:41:45.036 [INFO]: [Language Server (stderr)]:
I0316 15:41:45.035183 22330 web_server.go:235] Chat Web Server listening at ws://127.0.0.1:37009
2024-03-16 15:41:45.087 [INFO]: [Language Server (stdout)]:
39623
2024-03-16 15:41:45.087 [INFO]: [Language Server (stderr)]:
I0316 15:41:45.087452 22209 main.go:281] Language server manager found random server port 45551
I0316 15:41:45.087476 22209 main.go:282] Language server manager found random lsp port 39623
I0316 15:41:45.087485 22209 main.go:289] Language server manager attempting to connect to language server at 127.0.0.1:45551
2024-03-16 15:41:45.106 [INFO]: [Language Server (stderr)]:
I0316 15:41:45.105889 22209 main.go:160] Fixing language server port at 45551
I0316 15:41:45.105904 22209 main.go:340] Language server manager successfully connected to new language server at 127.0.0.1:45551
2024-03-16 15:41:45.152 [INFO]: Found language server running on port 45551
2024-03-16 15:41:45.154 [INFO]: Downloaded binary: /home/unk0wn/.codeium/bin/af6b6c543b224d348a8876f0c06245d9ea7929c5/ripgrep_linux_x64
2024-03-16 15:41:45.230 [INFO]: [Language Server (stderr)]:
I0316 15:41:45.230255 22330 rpcs_miscellaneous.go:301] University version is up to date.
2024-03-16 15:41:45.250 [INFO]: [Language Server (stderr)]:
I0316 15:41:45.249184 22330 rpcs_seat_management.go:94] GetUserStatus Request: metadata:{ide_name:"vscode" ide_version:"VSCodium 1.87.1" extension_name:"vscode" extension_version:"1.8.11" api_key:"d64f76b7-d802-4704-b4b3-583168f2f64e" locale:"en" disable_telemetry:true session_id:"3503e1fd-e914-44ac-8510-ab48f1952207" request_id:2 extension_path:"/home/unk0wn/.vscode-oss/extensions/codeium.codeium-1.8.11-universal"}
2024-03-16 15:41:45.286 [INFO]: [Language Server (stderr)]:
I0316 15:41:45.286348 22330 rpcs_seat_management.go:103] GetUserStatus Response: user_status:{pro:true name:"Asher" email:"asherlr2@gmail.com"}
2024-03-16 15:43:20.000 [INFO]: Completion request succeeded (8.84ms)
2024-03-16 15:43:20.001 [INFO]: Skipping completions because the prompt is too short
2024-03-16 15:43:20.001 [INFO]: provideInlineCompletionItems request succeeded (10.29ms)
2024-03-16 15:45:08.565 [INFO]: Completion request succeeded (4.17ms)
2024-03-16 15:45:08.565 [INFO]: Skipping completions because the prompt is too short
2024-03-16 15:45:08.566 [INFO]: provideInlineCompletionItems request succeeded (5.15ms)
2024-03-16 15:45:08.853 [INFO]: Skipping completions because autocomplete is open
2024-03-16 15:45:09.122 [INFO]: Completion request succeeded (3.36ms)
2024-03-16 15:45:09.122 [INFO]: Skipping completions because the prompt is too short
2024-03-16 15:45:09.122 [INFO]: provideInlineCompletionItems request succeeded (4.05ms)
2024-03-16 15:45:09.241 [INFO]: Completion request succeeded (3.08ms)
2024-03-16 15:45:09.242 [INFO]: Skipping completions because the prompt is too short
2024-03-16 15:45:09.242 [INFO]: provideInlineCompletionItems request succeeded (3.9ms)
2024-03-16 15:45:09.331 [INFO]: Completion request succeeded (3.26ms)
2024-03-16 15:45:09.331 [INFO]: Skipping completions because the prompt is too short
2024-03-16 15:45:09.331 [INFO]: provideInlineCompletionItems request succeeded (3.9ms)
2024-03-16 15:45:10.545 [INFO]: Completion request was cancelled by token (279.46ms)
2024-03-16 15:45:11.273 [INFO]: Completion request succeeded (654.39ms)
2024-03-16 15:45:11.278 [INFO]: Generated 8 completions
2024-03-16 15:45:11.281 [INFO]: provideInlineCompletionItems request succeeded (662.87ms)
2024-03-16 15:45:16.569 [INFO]: Completion request was cancelled by token (235.9ms)
2024-03-16 15:45:17.330 [INFO]: Completion request succeeded (686.97ms)
2024-03-16 15:45:17.331 [INFO]: Generated 7 completions
2024-03-16 15:45:17.331 [INFO]: provideInlineCompletionItems request succeeded (688.68ms)
2024-03-16 15:45:21.512 [INFO]: Completion request was cancelled by token (15.81ms)
2024-03-16 15:45:22.078 [INFO]: Completion request succeeded (491.36ms)
2024-03-16 15:45:22.079 [INFO]: Generated 3 completions
2024-03-16 15:45:22.079 [INFO]: provideInlineCompletionItems request succeeded (492.72ms)
2024-03-16 15:45:22.771 [INFO]: Completion request succeeded (469.86ms)
2024-03-16 15:45:22.771 [INFO]: Generated 3 completions
2024-03-16 15:45:22.772 [INFO]: provideInlineCompletionItems request succeeded (470.94ms)
2024-03-16 15:45:23.328 [INFO]: Completion request succeeded (9.69ms)
2024-03-16 15:45:23.328 [INFO]: Generated 2 completions
2024-03-16 15:45:23.328 [INFO]: provideInlineCompletionItems request succeeded (10.46ms)
2024-03-16 15:45:23.785 [INFO]: Completion request was cancelled by token (322.88ms)
2024-03-16 15:45:24.157 [INFO]: Completion request succeeded (298.5ms)
2024-03-16 15:45:24.158 [INFO]: No completions were generated
2024-03-16 15:45:24.158 [INFO]: provideInlineCompletionItems request succeeded (299.27ms)
2024-03-16 15:49:22.116 [INFO]: Completion request was cancelled by token (31.68ms)
2024-03-16 15:49:22.673 [INFO]: Completion request succeeded (482.69ms)
2024-03-16 15:49:22.673 [INFO]: Generated 8 completions
2024-03-16 15:49:22.674 [INFO]: provideInlineCompletionItems request succeeded (484.23ms)
2024-03-16 15:49:25.652 [INFO]: Skipping completions because autocomplete is open
2024-03-16 15:49:25.737 [INFO]: Skipping completions because autocomplete is open
2024-03-16 15:49:25.974 [INFO]: Completion request was cancelled by token (56.06ms)
2024-03-16 15:49:26.790 [INFO]: Completion request succeeded (692.15ms)
2024-03-16 15:49:26.791 [INFO]: Generated 4 completions
2024-03-16 15:49:26.791 [INFO]: provideInlineCompletionItems request succeeded (693.69ms)
2024-03-16 15:49:28.119 [INFO]: Completion request succeeded (218.91ms)
2024-03-16 15:49:28.120 [INFO]: No completions were generated
2024-03-16 15:49:28.120 [INFO]: provideInlineCompletionItems request succeeded (219.99ms)
2024-03-16 15:49:28.805 [INFO]: Completion request succeeded (339.9ms)
2024-03-16 15:49:28.805 [INFO]: Generated 1 completions
2024-03-16 15:49:28.805 [INFO]: provideInlineCompletionItems request succeeded (340.96ms)
2024-03-16 15:49:30.058 [INFO]: Completion request succeeded (201.14ms)
2024-03-16 15:49:30.059 [INFO]: No completions were generated
2024-03-16 15:49:30.059 [INFO]: provideInlineCompletionItems request succeeded (202.14ms)
2024-03-16 15:49:31.427 [INFO]: Skipping completions because autocomplete is open
2024-03-16 15:49:31.860 [INFO]: Completion request succeeded (207.46ms)
2024-03-16 15:49:31.860 [INFO]: Generated 2 completions
2024-03-16 15:49:31.861 [INFO]: provideInlineCompletionItems request succeeded (208.73ms)
2024-03-16 15:49:32.190 [INFO]: Completion request succeeded (6.41ms)
2024-03-16 15:49:32.191 [INFO]: Generated 1 completions
2024-03-16 15:49:32.191 [INFO]: provideInlineCompletionItems request succeeded (7.26ms)
2024-03-16 15:49:32.588 [INFO]: Completion request was cancelled by token (51.34ms)
2024-03-16 15:49:32.940 [INFO]: Completion request succeeded (222.84ms)
2024-03-16 15:49:32.942 [INFO]: No completions were generated
2024-03-16 15:49:32.943 [INFO]: provideInlineCompletionItems request succeeded (225.41ms)
2024-03-16 15:49:36.833 [INFO]: Completion request was cancelled by token (58.21ms)
2024-03-16 15:49:37.823 [INFO]: Completion request succeeded (915.51ms)
2024-03-16 15:49:37.824 [INFO]: Generated 6 completions
2024-03-16 15:49:37.824 [INFO]: provideInlineCompletionItems request succeeded (916.89ms)
2024-03-16 15:49:42.480 [INFO]: Completion request was cancelled by token (194.57ms)
2024-03-16 15:49:42.773 [INFO]: Completion request succeeded (219.14ms)
2024-03-16 15:49:42.774 [INFO]: Generated 1 completions
2024-03-16 15:49:42.775 [INFO]: provideInlineCompletionItems request succeeded (220.61ms)
2024-03-16 15:49:44.064 [INFO]: Completion request succeeded (350.14ms)
2024-03-16 15:49:44.065 [INFO]: Generated 1 completions
2024-03-16 15:49:44.065 [INFO]: provideInlineCompletionItems request succeeded (351.45ms)
2024-03-16 15:49:45.352 [INFO]: Completion request succeeded (283.26ms)
2024-03-16 15:49:45.352 [INFO]: No completions were generated
2024-03-16 15:49:45.352 [INFO]: provideInlineCompletionItems request succeeded (284.14ms)
2024-03-16 15:49:46.404 [INFO]: Completion request succeeded (737.91ms)
2024-03-16 15:49:46.405 [INFO]: Generated 5 completions
2024-03-16 15:49:46.405 [INFO]: provideInlineCompletionItems request succeeded (739.46ms)
2024-03-16 15:49:47.222 [INFO]: Completion request was cancelled by token (191.15ms)
2024-03-16 15:49:47.553 [INFO]: Completion request succeeded (256.89ms)
2024-03-16 15:49:47.553 [INFO]: Generated 1 completions
2024-03-16 15:49:47.553 [INFO]: provideInlineCompletionItems request succeeded (257.99ms)
2024-03-16 15:49:48.331 [INFO]: Completion request was cancelled by token (170.08ms)
2024-03-16 15:49:48.669 [INFO]: Completion request succeeded (264.49ms)
2024-03-16 15:49:48.669 [INFO]: Generated 3 completions
2024-03-16 15:49:48.670 [INFO]: provideInlineCompletionItems request succeeded (265.46ms)
2024-03-16 15:49:49.375 [INFO]: Completion request was cancelled by token (144.75ms)
2024-03-16 15:49:49.711 [INFO]: Completion request succeeded (262.36ms)
2024-03-16 15:49:49.712 [INFO]: Generated 1 completions
2024-03-16 15:49:49.712 [INFO]: provideInlineCompletionItems request succeeded (263.52ms)
2024-03-16 15:49:50.544 [INFO]: Completion request succeeded (204.91ms)
2024-03-16 15:49:50.544 [INFO]: No completions were generated
2024-03-16 15:49:50.544 [INFO]: provideInlineCompletionItems request succeeded (205.72ms)
2024-03-16 15:49:51.044 [INFO]: Completion request succeeded (266.42ms)
2024-03-16 15:49:51.044 [INFO]: Generated 1 completions
2024-03-16 15:49:51.045 [INFO]: provideInlineCompletionItems request succeeded (267.56ms)
2024-03-16 15:49:51.619 [INFO]: Completion request was cancelled by token (39.14ms)
2024-03-16 15:49:51.975 [INFO]: Completion request succeeded (281.75ms)
2024-03-16 15:49:51.975 [INFO]: Generated 1 completions
2024-03-16 15:49:51.975 [INFO]: provideInlineCompletionItems request succeeded (282.88ms)
2024-03-16 15:49:52.516 [INFO]: Completion request was cancelled by token (41.46ms)
2024-03-16 15:49:52.853 [INFO]: Completion request succeeded (264.24ms)
2024-03-16 15:49:52.853 [INFO]: Generated 1 completions
2024-03-16 15:49:52.853 [INFO]: provideInlineCompletionItems request succeeded (265.47ms)
2024-03-16 15:49:53.425 [INFO]: Completion request was cancelled by token (5.59ms)
2024-03-16 15:49:53.824 [INFO]: Completion request succeeded (324.87ms)
2024-03-16 15:49:53.825 [INFO]: Generated 6 completions
2024-03-16 15:49:53.826 [INFO]: provideInlineCompletionItems request succeeded (326.39ms)
2024-03-16 15:50:01.462 [INFO]: Completion request succeeded (260.91ms)
2024-03-16 15:50:01.463 [INFO]: Generated 4 completions
2024-03-16 15:50:01.463 [INFO]: provideInlineCompletionItems request succeeded (262.21ms)
2024-03-16 15:50:02.316 [INFO]: Completion request succeeded (374.72ms)
2024-03-16 15:50:02.316 [INFO]: No completions were generated
2024-03-16 15:50:02.317 [INFO]: provideInlineCompletionItems request succeeded (376.02ms)
2024-03-16 15:50:02.780 [INFO]: Completion request was cancelled by token (245.3ms)
2024-03-16 15:50:03.067 [INFO]: Completion request succeeded (213.69ms)
2024-03-16 15:50:03.067 [INFO]: No completions were generated
2024-03-16 15:50:03.067 [INFO]: provideInlineCompletionItems request succeeded (214.59ms)
2024-03-16 15:50:05.198 [INFO]: Completion request succeeded (318.66ms)
2024-03-16 15:50:05.199 [INFO]: Generated 1 completions
2024-03-16 15:50:05.199 [INFO]: provideInlineCompletionItems request succeeded (320.04ms)
2024-03-16 15:50:05.764 [INFO]: Completion request succeeded (7.45ms)
2024-03-16 15:50:05.765 [INFO]: Generated 1 completions
2024-03-16 15:50:05.765 [INFO]: provideInlineCompletionItems request succeeded (8.6ms)
2024-03-16 15:50:21.983 [INFO]: Completion request was cancelled by token (162.39ms)
2024-03-16 15:50:22.291 [INFO]: Completion request succeeded (234.11ms)
2024-03-16 15:50:22.291 [INFO]: No completions were generated
2024-03-16 15:50:22.291 [INFO]: provideInlineCompletionItems request succeeded (235.07ms)
2024-03-16 15:50:23.826 [INFO]: Completion request was cancelled by token (99.01ms)
2024-03-16 15:50:24.203 [INFO]: Completion request succeeded (302.49ms)
2024-03-16 15:50:24.204 [INFO]: No completions were generated
2024-03-16 15:50:24.204 [INFO]: provideInlineCompletionItems request succeeded (303.51ms)
2024-03-16 15:50:24.918 [INFO]: Completion request was cancelled by token (73.71ms)
2024-03-16 15:50:25.209 [INFO]: Completion request succeeded (216.05ms)
2024-03-16 15:50:25.209 [INFO]: No completions were generated
2024-03-16 15:50:25.210 [INFO]: provideInlineCompletionItems request succeeded (216.84ms)
2024-03-16 15:50:26.764 [INFO]: Completion request succeeded (223.09ms)
2024-03-16 15:50:26.765 [INFO]: No completions were generated
2024-03-16 15:50:26.765 [INFO]: provideInlineCompletionItems request succeeded (223.99ms)
2024-03-16 15:50:27.443 [INFO]: Completion request was cancelled by token (58.79ms)
2024-03-16 15:50:29.187 [INFO]: Completion request was cancelled by token (109.84ms)
2024-03-16 15:50:29.477 [INFO]: Completion request succeeded (217.56ms)
2024-03-16 15:50:29.478 [INFO]: No completions were generated
2024-03-16 15:50:29.478 [INFO]: provideInlineCompletionItems request succeeded (218.41ms)
2024-03-16 15:50:31.427 [INFO]: Completion request succeeded (227.72ms)
2024-03-16 15:50:31.427 [INFO]: Generated 1 completions
2024-03-16 15:50:31.427 [INFO]: provideInlineCompletionItems request succeeded (228.62ms)
2024-03-16 15:50:32.067 [INFO]: Completion request succeeded (204.19ms)
2024-03-16 15:50:32.068 [INFO]: No completions were generated
2024-03-16 15:50:32.068 [INFO]: provideInlineCompletionItems request succeeded (205.1ms)
2024-03-16 15:50:35.883 [INFO]: Completion request was cancelled by token (127.07ms)
2024-03-16 15:50:36.171 [INFO]: Completion request succeeded (213.56ms)
2024-03-16 15:50:36.171 [INFO]: No completions were generated
2024-03-16 15:50:36.172 [INFO]: provideInlineCompletionItems request succeeded (214.41ms)
2024-03-16 15:50:37.978 [INFO]: Completion request was cancelled by token (257.79ms)
2024-03-16 15:50:38.252 [INFO]: Completion request was cancelled by token (200.6ms)
2024-03-16 15:50:39.562 [INFO]: Completion request was cancelled by token (65.3ms)
2024-03-16 15:50:40.869 [INFO]: Completion request was cancelled by token (157.56ms)
2024-03-16 15:50:41.582 [INFO]: Completion request was cancelled by token (152.6ms)
2024-03-16 15:50:42.170 [INFO]: Completion request succeeded (216.95ms)
2024-03-16 15:50:42.170 [INFO]: No completions were generated
2024-03-16 15:50:42.171 [INFO]: provideInlineCompletionItems request succeeded (217.91ms)
2024-03-16 15:50:43.969 [INFO]: Completion request was cancelled by token (107.26ms)
2024-03-16 15:50:45.401 [INFO]: Completion request succeeded (223.11ms)
2024-03-16 15:50:45.401 [INFO]: No completions were generated
2024-03-16 15:50:45.401 [INFO]: provideInlineCompletionItems request succeeded (223.89ms)
2024-03-16 15:50:47.166 [INFO]: Completion request was cancelled by token (153.83ms)
2024-03-16 15:50:47.460 [INFO]: Completion request succeeded (219.99ms)
2024-03-16 15:50:47.460 [INFO]: No completions were generated
2024-03-16 15:50:47.460 [INFO]: provideInlineCompletionItems request succeeded (220.8ms)
2024-03-16 15:50:48.918 [INFO]: Completion request succeeded (220.62ms)
2024-03-16 15:50:48.919 [INFO]: Generated 1 completions
2024-03-16 15:50:48.919 [INFO]: provideInlineCompletionItems request succeeded (221.75ms)
2024-03-16 15:50:49.538 [INFO]: Completion request succeeded (202.99ms)
2024-03-16 15:50:49.538 [INFO]: No completions were generated
2024-03-16 15:50:49.538 [INFO]: provideInlineCompletionItems request succeeded (203.76ms)
2024-03-16 15:50:50.628 [INFO]: Completion request succeeded (291.28ms)
2024-03-16 15:50:50.628 [INFO]: No completions were generated
2024-03-16 15:50:50.628 [INFO]: provideInlineCompletionItems request succeeded (292.08ms)
2024-03-16 15:50:51.340 [INFO]: Completion request succeeded (232.92ms)
2024-03-16 15:50:51.341 [INFO]: No completions were generated
2024-03-16 15:50:51.341 [INFO]: provideInlineCompletionItems request succeeded (233.83ms)
2024-03-16 15:50:52.713 [INFO]: Completion request succeeded (206.43ms)
2024-03-16 15:50:52.714 [INFO]: No completions were generated
2024-03-16 15:50:52.714 [INFO]: provideInlineCompletionItems request succeeded (207.3ms)
2024-03-16 15:50:53.973 [INFO]: Completion request succeeded (225.55ms)
2024-03-16 15:50:53.974 [INFO]: No completions were generated
2024-03-16 15:50:53.974 [INFO]: provideInlineCompletionItems request succeeded (226.33ms)
2024-03-16 15:50:56.290 [INFO]: Completion request succeeded (224.94ms)
2024-03-16 15:50:56.290 [INFO]: No completions were generated
2024-03-16 15:50:56.290 [INFO]: provideInlineCompletionItems request succeeded (225.74ms)
2024-03-16 15:50:59.840 [INFO]: Completion request succeeded (342.3ms)
2024-03-16 15:50:59.841 [INFO]: No completions were generated
2024-03-16 15:50:59.841 [INFO]: provideInlineCompletionItems request succeeded (343.26ms)
2024-03-16 15:51:02.891 [INFO]: Completion request was cancelled by token (278.24ms)
2024-03-16 15:51:03.200 [INFO]: Completion request succeeded (236.57ms)
2024-03-16 15:51:03.201 [INFO]: Generated 1 completions
2024-03-16 15:51:03.201 [INFO]: provideInlineCompletionItems request succeeded (237.59ms)
2024-03-16 15:51:04.831 [INFO]: Completion request succeeded (381.16ms)
2024-03-16 15:51:04.832 [INFO]: No completions were generated
2024-03-16 15:51:04.832 [INFO]: provideInlineCompletionItems request succeeded (382.12ms)
2024-03-16 15:51:06.292 [INFO]: Completion request succeeded (334.92ms)
2024-03-16 15:51:06.293 [INFO]: No completions were generated
2024-03-16 15:51:06.293 [INFO]: provideInlineCompletionItems request succeeded (335.91ms)
2024-03-16 15:51:07.274 [INFO]: Completion request succeeded (215.66ms)
2024-03-16 15:51:07.274 [INFO]: No completions were generated
2024-03-16 15:51:07.274 [INFO]: provideInlineCompletionItems request succeeded (216.45ms)
2024-03-16 15:51:08.370 [INFO]: Completion request succeeded (221.6ms)
2024-03-16 15:51:08.371 [INFO]: No completions were generated
2024-03-16 15:51:08.371 [INFO]: provideInlineCompletionItems request succeeded (222.49ms)
2024-03-16 15:51:09.030 [INFO]: Completion request succeeded (203.2ms)
2024-03-16 15:51:09.030 [INFO]: No completions were generated
2024-03-16 15:51:09.030 [INFO]: provideInlineCompletionItems request succeeded (204.02ms)
2024-03-16 15:51:10.081 [INFO]: Completion request succeeded (230.54ms)
2024-03-16 15:51:10.081 [INFO]: No completions were generated
2024-03-16 15:51:10.081 [INFO]: provideInlineCompletionItems request succeeded (231.44ms)
2024-03-16 15:51:26.666 [INFO]: Completion request succeeded (380.11ms)
2024-03-16 15:51:26.667 [INFO]: Generated 1 completions
2024-03-16 15:51:26.667 [INFO]: provideInlineCompletionItems request succeeded (381.06ms)
2024-03-16 15:51:27.223 [INFO]: Completion request succeeded (7.61ms)
2024-03-16 15:51:27.224 [INFO]: Generated 1 completions
2024-03-16 15:51:27.224 [INFO]: provideInlineCompletionItems request succeeded (8.41ms)
2024-03-16 15:51:27.705 [INFO]: Completion request succeeded (205.91ms)
2024-03-16 15:51:27.705 [INFO]: No completions were generated
2024-03-16 15:51:27.705 [INFO]: provideInlineCompletionItems request succeeded (207.05ms)
2024-03-16 15:51:28.241 [INFO]: Completion request succeeded (320.1ms)
2024-03-16 15:51:28.244 [INFO]: Generated 2 completions
2024-03-16 15:51:28.244 [INFO]: provideInlineCompletionItems request succeeded (323.73ms)
2024-03-16 15:51:28.419 [INFO]: Completion request succeeded (6.62ms)
2024-03-16 15:51:28.419 [INFO]: Generated 2 completions
2024-03-16 15:51:28.419 [INFO]: provideInlineCompletionItems request succeeded (7.68ms)
2024-03-16 15:51:29.834 [INFO]: Completion request succeeded (197.81ms)
2024-03-16 15:51:29.835 [INFO]: No completions were generated
2024-03-16 15:51:29.835 [INFO]: provideInlineCompletionItems request succeeded (199.27ms)
2024-03-16 15:51:36.078 [INFO]: Completion request was cancelled by token (76.26ms)
2024-03-16 15:51:36.216 [INFO]: Completion request was cancelled by token (62.51ms)
2024-03-16 15:51:36.356 [INFO]: Completion request was cancelled by token (69.09ms)
2024-03-16 15:51:36.501 [INFO]: Completion request was cancelled by token (67.88ms)
2024-03-16 15:51:36.610 [INFO]: Completion request was cancelled by token (40.01ms)
2024-03-16 15:51:36.748 [INFO]: Completion request was cancelled by token (62.68ms)
2024-03-16 15:51:36.840 [INFO]: Completion request was cancelled by token (20.56ms)
2024-03-16 15:51:36.957 [INFO]: Completion request was cancelled by token (41.9ms)
2024-03-16 15:51:37.050 [INFO]: Completion request was cancelled by token (21.43ms)
2024-03-16 15:51:37.152 [INFO]: Completion request was cancelled by token (27.53ms)
2024-03-16 15:51:37.233 [INFO]: Completion request was cancelled by token (6.29ms)
2024-03-16 15:51:37.314 [INFO]: Completion request succeeded (6.34ms)
2024-03-16 15:51:37.314 [INFO]: Generated 2 completions
2024-03-16 15:51:37.315 [INFO]: provideInlineCompletionItems request succeeded (7.17ms)
2024-03-16 15:51:44.276 [INFO]: Completion request succeeded (219.92ms)
2024-03-16 15:51:44.277 [INFO]: Generated 1 completions
2024-03-16 15:51:44.277 [INFO]: provideInlineCompletionItems request succeeded (220.93ms)
2024-03-16 15:51:45.095 [INFO]: Completion request was cancelled by token (137.06ms)
2024-03-16 15:51:45.378 [INFO]: Completion request succeeded (208.62ms)
2024-03-16 15:51:45.380 [INFO]: No completions were generated
2024-03-16 15:51:45.381 [INFO]: provideInlineCompletionItems request succeeded (211.4ms)
2024-03-16 15:51:45.926 [INFO]: Completion request succeeded (223.22ms)
2024-03-16 15:51:45.927 [INFO]: Generated 1 completions
2024-03-16 15:51:45.927 [INFO]: provideInlineCompletionItems request succeeded (224.39ms)
2024-03-16 15:51:47.130 [INFO]: Completion request succeeded (384.56ms)
2024-03-16 15:51:47.131 [INFO]: No completions were generated
2024-03-16 15:51:47.131 [INFO]: provideInlineCompletionItems request succeeded (385.42ms)
2024-03-16 15:51:49.199 [INFO]: Completion request succeeded (317.23ms)
2024-03-16 15:51:49.200 [INFO]: No completions were generated
2024-03-16 15:51:49.200 [INFO]: provideInlineCompletionItems request succeeded (318.28ms)
2024-03-16 15:52:01.913 [INFO]: Completion request succeeded (220.18ms)
2024-03-16 15:52:01.914 [INFO]: No completions were generated
2024-03-16 15:52:01.914 [INFO]: provideInlineCompletionItems request succeeded (221.14ms)
2024-03-16 15:52:02.818 [INFO]: Completion request succeeded (224.04ms)
2024-03-16 15:52:02.819 [INFO]: No completions were generated
2024-03-16 15:52:02.819 [INFO]: provideInlineCompletionItems request succeeded (224.88ms)
2024-03-16 15:52:04.063 [INFO]: Completion request succeeded (240.65ms)
2024-03-16 15:52:04.065 [INFO]: No completions were generated
2024-03-16 15:52:04.066 [INFO]: provideInlineCompletionItems request succeeded (243.79ms)
2024-03-16 15:52:08.294 [INFO]: Completion request was cancelled by token (80.46ms)
2024-03-16 15:52:08.718 [INFO]: Completion request succeeded (346.52ms)
2024-03-16 15:52:08.720 [INFO]: Generated 1 completions
2024-03-16 15:52:08.721 [INFO]: provideInlineCompletionItems request succeeded (350.58ms)
2024-03-16 15:52:09.842 [INFO]: Completion request succeeded (202.67ms)
2024-03-16 15:52:09.843 [INFO]: No completions were generated
2024-03-16 15:52:09.843 [INFO]: provideInlineCompletionItems request succeeded (204.44ms)
2024-03-16 15:52:11.794 [INFO]: Completion request succeeded (253.37ms)
2024-03-16 15:52:11.795 [INFO]: Generated 1 completions
2024-03-16 15:52:11.795 [INFO]: provideInlineCompletionItems request succeeded (254.42ms)
2024-03-16 15:52:13.021 [INFO]: Completion request was cancelled by token (197.09ms)
2024-03-16 15:52:13.203 [INFO]: Completion request was cancelled by token (109.95ms)
2024-03-16 15:52:13.527 [INFO]: Completion request succeeded (249.32ms)
2024-03-16 15:52:13.527 [INFO]: Generated 1 completions
2024-03-16 15:52:13.528 [INFO]: provideInlineCompletionItems request succeeded (250.24ms)
2024-03-16 15:52:14.114 [INFO]: Completion request succeeded (267.57ms)
2024-03-16 15:52:14.116 [INFO]: Generated 1 completions
2024-03-16 15:52:14.117 [INFO]: provideInlineCompletionItems request succeeded (271.25ms)
2024-03-16 15:52:21.169 [INFO]: Completion request succeeded (363.27ms)
2024-03-16 15:52:21.170 [INFO]: Generated 4 completions
2024-03-16 15:52:21.171 [INFO]: provideInlineCompletionItems request succeeded (364.83ms)
2024-03-16 15:52:38.377 [INFO]: Completion request succeeded (721.88ms)
2024-03-16 15:52:38.378 [INFO]: Generated 4 completions
2024-03-16 15:52:38.378 [INFO]: provideInlineCompletionItems request succeeded (723.58ms)
2024-03-16 15:52:39.011 [INFO]: Completion request succeeded (16ms)
2024-03-16 15:52:39.012 [INFO]: Generated 4 completions
2024-03-16 15:52:39.013 [INFO]: provideInlineCompletionItems request succeeded (18.02ms)
2024-03-16 15:52:54.370 [INFO]: Skipping completions because autocomplete is open
2024-03-16 15:52:54.523 [INFO]: Skipping completions because autocomplete is open
2024-03-16 15:52:55.060 [INFO]: Skipping completions because autocomplete is open
2024-03-16 15:52:55.202 [INFO]: Skipping completions because autocomplete is open
2024-03-16 15:52:55.360 [INFO]: Skipping completions because autocomplete is open
2024-03-16 15:52:55.505 [INFO]: Skipping completions because autocomplete is open
2024-03-16 15:52:55.640 [INFO]: Skipping completions because autocomplete is open
2024-03-16 15:52:56.026 [INFO]: Completion request succeeded (7.77ms)
2024-03-16 15:52:56.027 [INFO]: Generated 4 completions
2024-03-16 15:52:56.027 [INFO]: provideInlineCompletionItems request succeeded (8.98ms)
2024-03-16 15:52:56.308 [INFO]: Skipping completions because autocomplete is open
2024-03-16 15:52:56.399 [INFO]: Skipping completions because autocomplete is open
2024-03-16 15:52:57.542 [INFO]: Completion request succeeded (421.36ms)
2024-03-16 15:52:57.543 [INFO]: Generated 4 completions
2024-03-16 15:52:57.543 [INFO]: provideInlineCompletionItems request succeeded (422.64ms)
2024-03-16 15:52:58.441 [INFO]: Completion request succeeded (236.76ms)
2024-03-16 15:52:58.442 [INFO]: No completions were generated
2024-03-16 15:52:58.443 [INFO]: provideInlineCompletionItems request succeeded (238.98ms)
2024-03-16 15:53:02.827 [INFO]: Completion request succeeded (288.88ms)
2024-03-16 15:53:02.828 [INFO]: Generated 4 completions
2024-03-16 15:53:02.828 [INFO]: provideInlineCompletionItems request succeeded (290.11ms)
2024-03-16 15:53:05.184 [INFO]: Skipping completions because autocomplete is open
2024-03-16 15:53:06.451 [INFO]: Completion request succeeded (321.75ms)
2024-03-16 15:53:06.452 [INFO]: Generated 2 completions
2024-03-16 15:53:06.452 [INFO]: provideInlineCompletionItems request succeeded (322.99ms)
2024-03-16 15:53:07.699 [INFO]: Completion request succeeded (213.6ms)
2024-03-16 15:53:07.699 [INFO]: No completions were generated
2024-03-16 15:53:07.699 [INFO]: provideInlineCompletionItems request succeeded (214.48ms)
2024-03-16 15:53:17.619 [INFO]: Completion request was cancelled by token (200.64ms)
2024-03-16 15:53:18.076 [INFO]: Completion request succeeded (383.72ms)
2024-03-16 15:53:18.078 [INFO]: No completions were generated
2024-03-16 15:53:18.079 [INFO]: provideInlineCompletionItems request succeeded (386.84ms)
2024-03-16 15:53:20.062 [INFO]: Completion request succeeded (231.98ms)
2024-03-16 15:53:20.062 [INFO]: Generated 1 completions
2024-03-16 15:53:20.063 [INFO]: provideInlineCompletionItems request succeeded (232.94ms)
2024-03-16 15:53:20.602 [INFO]: Completion request succeeded (234.01ms)
2024-03-16 15:53:20.602 [INFO]: No completions were generated
2024-03-16 15:53:20.602 [INFO]: provideInlineCompletionItems request succeeded (234.83ms)
2024-03-16 15:53:21.750 [INFO]: Completion request was cancelled by token (100.45ms)
2024-03-16 15:53:22.394 [INFO]: Completion request succeeded (227.61ms)
2024-03-16 15:53:22.396 [INFO]: No completions were generated
2024-03-16 15:53:22.397 [INFO]: provideInlineCompletionItems request succeeded (230.96ms)
2024-03-16 15:53:25.021 [INFO]: Completion request was cancelled by token (64.83ms)
2024-03-16 15:53:26.689 [INFO]: Completion request succeeded (275.61ms)
2024-03-16 15:53:26.690 [INFO]: No completions were generated
2024-03-16 15:53:26.690 [INFO]: provideInlineCompletionItems request succeeded (277.11ms)
2024-03-16 15:53:27.221 [INFO]: Completion request succeeded (254.72ms)
2024-03-16 15:53:27.221 [INFO]: No completions were generated
2024-03-16 15:53:27.221 [INFO]: provideInlineCompletionItems request succeeded (256.19ms)
2024-03-16 15:53:28.751 [INFO]: Completion request succeeded (254.21ms)
2024-03-16 15:53:28.753 [INFO]: No completions were generated
2024-03-16 15:53:28.754 [INFO]: provideInlineCompletionItems request succeeded (257.49ms)
2024-03-16 15:53:30.123 [INFO]: Completion request succeeded (239.99ms)
2024-03-16 15:53:30.124 [INFO]: No completions were generated
2024-03-16 15:53:30.124 [INFO]: provideInlineCompletionItems request succeeded (240.98ms)
2024-03-16 15:53:38.778 [INFO]: Completion request succeeded (338.36ms)
2024-03-16 15:53:38.780 [INFO]: Generated 1 completions
2024-03-16 15:53:38.781 [INFO]: provideInlineCompletionItems request succeeded (342.18ms)
2024-03-16 15:53:44.815 [INFO]: Skipping completions because autocomplete is open
2024-03-16 15:53:44.974 [INFO]: Skipping completions because autocomplete is open
2024-03-16 15:53:45.202 [INFO]: Completion request was cancelled by token (26.15ms)
2024-03-16 15:53:45.553 [INFO]: Completion request succeeded (275.84ms)
2024-03-16 15:53:45.556 [INFO]: Generated 3 completions
2024-03-16 15:53:45.557 [INFO]: provideInlineCompletionItems request succeeded (280.33ms)
2024-03-16 15:53:45.887 [INFO]: Completion request was cancelled by token (84.95ms)
2024-03-16 15:53:46.040 [INFO]: Completion request was cancelled by token (78.62ms)
2024-03-16 15:53:46.176 [INFO]: Completion request was cancelled by token (62.67ms)
2024-03-16 15:53:46.327 [INFO]: Completion request was cancelled by token (75.31ms)
2024-03-16 15:53:46.411 [INFO]: Skipping completions because autocomplete is open
2024-03-16 15:53:46.597 [INFO]: Skipping completions because autocomplete is open
2024-03-16 15:53:46.987 [INFO]: Skipping completions because autocomplete is open
2024-03-16 15:53:47.125 [INFO]: Skipping completions because autocomplete is open
2024-03-16 15:53:47.267 [INFO]: Skipping completions because autocomplete is open
2024-03-16 15:53:47.400 [INFO]: Skipping completions because autocomplete is open
2024-03-16 15:53:48.807 [INFO]: Completion request succeeded (279.98ms)
2024-03-16 15:53:48.807 [INFO]: Generated 1 completions
2024-03-16 15:53:48.807 [INFO]: provideInlineCompletionItems request succeeded (281.11ms)
2024-03-16 15:53:51.216 [INFO]: Completion request succeeded (300.43ms)
2024-03-16 15:53:51.219 [INFO]: Generated 1 completions
2024-03-16 15:53:51.219 [INFO]: provideInlineCompletionItems request succeeded (304.06ms)
2024-03-16 15:53:51.773 [INFO]: Completion request was cancelled by token (194.55ms)
2024-03-16 15:53:51.981 [INFO]: Completion request was cancelled by token (135.2ms)
2024-03-16 15:53:52.119 [INFO]: Skipping completions because autocomplete is open
2024-03-16 15:53:53.785 [INFO]: Completion request succeeded (258.7ms)
2024-03-16 15:53:53.786 [INFO]: Generated 1 completions
2024-03-16 15:53:53.786 [INFO]: provideInlineCompletionItems request succeeded (259.9ms)
2024-03-16 15:53:54.746 [INFO]: Completion request succeeded (431.56ms)
2024-03-16 15:53:54.747 [INFO]: No completions were generated
2024-03-16 15:53:54.747 [INFO]: provideInlineCompletionItems request succeeded (432.42ms)
2024-03-16 15:53:58.997 [INFO]: Completion request succeeded (211.06ms)
2024-03-16 15:53:58.998 [INFO]: No completions were generated
2024-03-16 15:53:58.998 [INFO]: provideInlineCompletionItems request succeeded (211.89ms)
2024-03-16 15:54:12.809 [INFO]: Completion request was cancelled by token (166.22ms)
2024-03-16 15:54:13.389 [INFO]: Completion request was cancelled by token (506.82ms)
2024-03-16 15:54:15.829 [INFO]: Completion request succeeded (215.52ms)
2024-03-16 15:54:15.830 [INFO]: No completions were generated
2024-03-16 15:54:15.830 [INFO]: provideInlineCompletionItems request succeeded (216.46ms)
2024-03-16 15:54:17.258 [INFO]: Completion request succeeded (580.35ms)
2024-03-16 15:54:17.259 [INFO]: Generated 2 completions
2024-03-16 15:54:17.259 [INFO]: provideInlineCompletionItems request succeeded (581.85ms)
2024-03-16 15:54:21.042 [INFO]: Completion request succeeded (237.77ms)
2024-03-16 15:54:21.042 [INFO]: No completions were generated
2024-03-16 15:54:21.042 [INFO]: provideInlineCompletionItems request succeeded (238.66ms)
2024-03-16 15:54:25.734 [INFO]: Completion request succeeded (378.63ms)
2024-03-16 15:54:25.735 [INFO]: Generated 1 completions
2024-03-16 15:54:25.735 [INFO]: provideInlineCompletionItems request succeeded (379.83ms)
2024-03-16 15:54:27.110 [INFO]: Completion request succeeded (299.59ms)
2024-03-16 15:54:27.113 [INFO]: No completions were generated
2024-03-16 15:54:27.113 [INFO]: provideInlineCompletionItems request succeeded (302.54ms)
2024-03-16 15:54:28.706 [INFO]: Completion request succeeded (223.79ms)
2024-03-16 15:54:28.708 [INFO]: No completions were generated
2024-03-16 15:54:28.709 [INFO]: provideInlineCompletionItems request succeeded (227.08ms)
2024-03-16 15:54:31.685 [INFO]: Skipping completions because autocomplete is open
2024-03-16 15:54:31.845 [INFO]: Skipping completions because autocomplete is open
2024-03-16 15:54:32.064 [INFO]: Skipping completions because autocomplete is open
2024-03-16 15:54:32.264 [INFO]: Skipping completions because autocomplete is open
2024-03-16 15:54:32.985 [INFO]: Completion request was cancelled by token (239.73ms)
2024-03-16 15:54:33.221 [INFO]: Completion request was cancelled by token (165.23ms)
2024-03-16 15:54:33.307 [INFO]: Skipping completions because autocomplete is open
2024-03-16 15:54:33.569 [INFO]: Completion request was cancelled by token (92ms)
2024-03-16 15:54:33.648 [INFO]: Completion request was cancelled by token (4.63ms)
2024-03-16 15:54:33.976 [INFO]: Completion request succeeded (249.35ms)
2024-03-16 15:54:33.978 [INFO]: Generated 1 completions
2024-03-16 15:54:33.979 [INFO]: provideInlineCompletionItems request succeeded (253.35ms)
2024-03-16 15:54:34.352 [INFO]: Completion request was cancelled by token (14.99ms)
2024-03-16 15:54:35.483 [INFO]: Completion request succeeded (229.61ms)
2024-03-16 15:54:35.485 [INFO]: Generated 1 completions
2024-03-16 15:54:35.486 [INFO]: provideInlineCompletionItems request succeeded (233.5ms)
2024-03-16 15:54:36.629 [INFO]: Completion request succeeded (374.69ms)
2024-03-16 15:54:36.630 [INFO]: No completions were generated
2024-03-16 15:54:36.630 [INFO]: provideInlineCompletionItems request succeeded (375.65ms)
2024-03-16 15:54:52.010 [INFO]: Completion request was cancelled by token (88.98ms)
2024-03-16 15:54:52.179 [INFO]: Completion request was cancelled by token (92.93ms)
2024-03-16 15:54:52.565 [INFO]: Completion request was cancelled by token (312.9ms)
2024-03-16 15:54:52.853 [INFO]: Completion request succeeded (214.28ms)
2024-03-16 15:54:52.856 [INFO]: No completions were generated
2024-03-16 15:54:52.856 [INFO]: provideInlineCompletionItems request succeeded (217.95ms)
2024-03-16 15:54:55.361 [INFO]: Completion request succeeded (222.79ms)
2024-03-16 15:54:55.363 [INFO]: No completions were generated
2024-03-16 15:54:55.364 [INFO]: provideInlineCompletionItems request succeeded (226.1ms)
2024-03-16 15:54:57.933 [INFO]: Completion request succeeded (214.49ms)
2024-03-16 15:54:57.933 [INFO]: No completions were generated
2024-03-16 15:54:57.933 [INFO]: provideInlineCompletionItems request succeeded (215.32ms)
2024-03-16 15:55:04.157 [INFO]: Completion request succeeded (291.47ms)
2024-03-16 15:55:04.160 [INFO]: Generated 1 completions
2024-03-16 15:55:04.161 [INFO]: provideInlineCompletionItems request succeeded (295.53ms)
2024-03-16 15:55:04.462 [INFO]: Completion request succeeded (168.14ms)
2024-03-16 15:55:04.462 [INFO]: Generated 1 completions
2024-03-16 15:55:04.462 [INFO]: provideInlineCompletionItems request succeeded (168.96ms)
2024-03-16 15:55:05.746 [INFO]: Skipping completions because autocomplete is open
2024-03-16 15:55:05.936 [INFO]: Skipping completions because autocomplete is open
2024-03-16 15:55:06.143 [INFO]: Completion request succeeded (7.67ms)
2024-03-16 15:55:06.143 [INFO]: Generated 1 completions
2024-03-16 15:55:06.144 [INFO]: provideInlineCompletionItems request succeeded (8.75ms)
2024-03-16 15:55:06.788 [INFO]: Completion request was cancelled by token (36.3ms)
2024-03-16 15:55:07.257 [INFO]: Completion request succeeded (341.84ms)
2024-03-16 15:55:07.258 [INFO]: Generated 1 completions
2024-03-16 15:55:07.259 [INFO]: provideInlineCompletionItems request succeeded (343.92ms)
2024-03-16 15:55:07.973 [INFO]: Completion request was cancelled by token (135.16ms)
2024-03-16 15:55:08.081 [INFO]: Completion request was cancelled by token (34.73ms)
2024-03-16 15:55:08.408 [INFO]: Completion request succeeded (250.77ms)
2024-03-16 15:55:08.410 [INFO]: Generated 4 completions
2024-03-16 15:55:08.412 [INFO]: provideInlineCompletionItems request succeeded (255.9ms)
2024-03-16 15:55:09.630 [INFO]: Completion request succeeded (7.4ms)
2024-03-16 15:55:09.630 [INFO]: Generated 2 completions
2024-03-16 15:55:09.630 [INFO]: provideInlineCompletionItems request succeeded (8.46ms)
2024-03-16 15:55:09.870 [INFO]: Completion request succeeded (6.92ms)
2024-03-16 15:55:09.871 [INFO]: Generated 2 completions
2024-03-16 15:55:09.871 [INFO]: provideInlineCompletionItems request succeeded (7.97ms)
2024-03-16 15:55:10.006 [INFO]: Completion request succeeded (9.77ms)
2024-03-16 15:55:10.007 [INFO]: Generated 2 completions
2024-03-16 15:55:10.007 [INFO]: provideInlineCompletionItems request succeeded (11.02ms)
2024-03-16 15:55:10.975 [INFO]: Completion request succeeded (267.43ms)
2024-03-16 15:55:10.977 [INFO]: No completions were generated
2024-03-16 15:55:10.978 [INFO]: provideInlineCompletionItems request succeeded (270.75ms)
2024-03-16 15:55:12.600 [INFO]: Skipping completions because autocomplete is open
2024-03-16 15:55:12.772 [INFO]: Skipping completions because autocomplete is open
2024-03-16 15:55:12.944 [INFO]: Completion request was cancelled by token (18.7ms)
2024-03-16 15:55:13.226 [INFO]: Completion request succeeded (209.46ms)
2024-03-16 15:55:13.227 [INFO]: No completions were generated
2024-03-16 15:55:13.227 [INFO]: provideInlineCompletionItems request succeeded (210.31ms)
2024-03-16 15:55:13.375 [INFO]: Completion request was cancelled by token (80.19ms)
2024-03-16 15:55:13.522 [INFO]: Completion request was cancelled by token (71.94ms)
2024-03-16 15:55:13.789 [INFO]: Completion request was cancelled by token (193.36ms)
2024-03-16 15:55:13.926 [INFO]: Skipping completions because autocomplete is open
2024-03-16 15:55:14.316 [INFO]: Completion request succeeded (263.89ms)
2024-03-16 15:55:14.317 [INFO]: Generated 1 completions
2024-03-16 15:55:14.317 [INFO]: provideInlineCompletionItems request succeeded (265.04ms)
2024-03-16 15:55:15.399 [INFO]: Completion request was cancelled by token (14.88ms)
2024-03-16 15:55:15.894 [INFO]: Completion request succeeded (419.31ms)
2024-03-16 15:55:15.896 [INFO]: No completions were generated
2024-03-16 15:55:15.897 [INFO]: provideInlineCompletionItems request succeeded (422.72ms)
2024-03-16 15:55:16.200 [INFO]: Completion request was cancelled by token (74.44ms)
2024-03-16 15:55:16.357 [INFO]: Completion request was cancelled by token (82.23ms)
2024-03-16 15:55:16.634 [INFO]: Completion request succeeded (210.23ms)
2024-03-16 15:55:16.636 [INFO]: No completions were generated
2024-03-16 15:55:16.637 [INFO]: provideInlineCompletionItems request succeeded (213.51ms)
2024-03-16 15:55:18.519 [INFO]: Completion request succeeded (801.76ms)
2024-03-16 15:55:18.520 [INFO]: Generated 2 completions
2024-03-16 15:55:18.520 [INFO]: provideInlineCompletionItems request succeeded (802.96ms)
2024-03-16 15:55:20.354 [INFO]: Completion request was cancelled by token (55.96ms)
2024-03-16 15:55:20.546 [INFO]: Completion request was cancelled by token (117.88ms)
2024-03-16 15:55:20.633 [INFO]: Skipping completions because autocomplete is open
2024-03-16 15:55:20.811 [INFO]: Skipping completions because autocomplete is open
2024-03-16 15:55:21.729 [INFO]: Completion request succeeded (780.88ms)
2024-03-16 15:55:21.732 [INFO]: Generated 6 completions
2024-03-16 15:55:21.735 [INFO]: provideInlineCompletionItems request succeeded (786.84ms)
2024-03-16 15:55:24.084 [INFO]: Completion request succeeded (220.73ms)
2024-03-16 15:55:24.087 [INFO]: No completions were generated
2024-03-16 15:55:24.087 [INFO]: provideInlineCompletionItems request succeeded (224.31ms)
2024-03-16 15:55:24.916 [INFO]: Completion request was cancelled by token (69.38ms)
2024-03-16 15:55:25.065 [INFO]: Completion request was cancelled by token (74.02ms)
2024-03-16 15:55:25.188 [INFO]: Completion request was cancelled by token (54.17ms)
2024-03-16 15:55:25.338 [INFO]: Completion request was cancelled by token (74.7ms)
2024-03-16 15:55:25.474 [INFO]: Completion request was cancelled by token (62.55ms)
2024-03-16 15:55:25.725 [INFO]: Completion request was cancelled by token (175.24ms)
2024-03-16 15:55:25.844 [INFO]: Completion request was cancelled by token (49.75ms)
2024-03-16 15:55:26.044 [INFO]: Completion request was cancelled by token (124.13ms)
2024-03-16 15:55:26.120 [INFO]: Completion request succeeded (7.47ms)
2024-03-16 15:55:26.120 [INFO]: Generated 6 completions
2024-03-16 15:55:26.122 [INFO]: provideInlineCompletionItems request succeeded (10.15ms)
2024-03-16 15:55:26.864 [INFO]: Skipping completions because autocomplete is open
2024-03-16 15:55:26.967 [INFO]: Skipping completions because autocomplete is open
2024-03-16 15:55:27.841 [INFO]: Completion request succeeded (249.71ms)
2024-03-16 15:55:27.844 [INFO]: Generated 3 completions
2024-03-16 15:55:27.846 [INFO]: provideInlineCompletionItems request succeeded (255.13ms)
2024-03-16 15:55:28.547 [INFO]: Completion request succeeded (341.86ms)
2024-03-16 15:55:28.548 [INFO]: Generated 2 completions
2024-03-16 15:55:28.549 [INFO]: provideInlineCompletionItems request succeeded (343.18ms)
2024-03-16 15:55:28.661 [INFO]: Skipping completions because autocomplete is open
2024-03-16 15:55:28.768 [INFO]: Completion request succeeded (18.87ms)
2024-03-16 15:55:28.769 [INFO]: Generated 2 completions
2024-03-16 15:55:28.770 [INFO]: provideInlineCompletionItems request succeeded (21.3ms)
2024-03-16 15:55:28.912 [INFO]: Completion request succeeded (7.46ms)
2024-03-16 15:55:28.913 [INFO]: Generated 2 completions
2024-03-16 15:55:28.913 [INFO]: provideInlineCompletionItems request succeeded (8.59ms)
2024-03-16 15:55:29.313 [INFO]: Completion request succeeded (239.79ms)
2024-03-16 15:55:29.316 [INFO]: Generated 2 completions
2024-03-16 15:55:29.317 [INFO]: provideInlineCompletionItems request succeeded (244.26ms)
2024-03-16 15:55:29.695 [INFO]: Completion request succeeded (240.07ms)
2024-03-16 15:55:29.698 [INFO]: Generated 1 completions
2024-03-16 15:55:29.699 [INFO]: provideInlineCompletionItems request succeeded (244.1ms)
2024-03-16 15:55:31.071 [INFO]: Completion request succeeded (456.23ms)
2024-03-16 15:55:31.074 [INFO]: Generated 1 completions
2024-03-16 15:55:31.075 [INFO]: provideInlineCompletionItems request succeeded (460.41ms)
2024-03-16 15:55:31.748 [INFO]: Completion request was cancelled by token (223.07ms)
2024-03-16 15:55:32.140 [INFO]: Completion request succeeded (323.65ms)
2024-03-16 15:55:32.142 [INFO]: No completions were generated
2024-03-16 15:55:32.143 [INFO]: provideInlineCompletionItems request succeeded (327.11ms)
2024-03-16 15:55:32.689 [INFO]: Completion request was cancelled by token (63.41ms)
2024-03-16 15:55:32.825 [INFO]: Completion request was cancelled by token (60.3ms)
2024-03-16 15:55:33.098 [INFO]: Completion request succeeded (200.19ms)
2024-03-16 15:55:33.099 [INFO]: No completions were generated
2024-03-16 15:55:33.099 [INFO]: provideInlineCompletionItems request succeeded (201.23ms)
2024-03-16 15:55:33.619 [INFO]: Completion request was cancelled by token (56.98ms)
2024-03-16 15:55:34.357 [INFO]: Completion request succeeded (663.87ms)
2024-03-16 15:55:34.358 [INFO]: Generated 7 completions
2024-03-16 15:55:34.359 [INFO]: provideInlineCompletionItems request succeeded (665.5ms)
2024-03-16 15:55:35.624 [INFO]: Skipping completions because autocomplete is open
2024-03-16 15:55:35.846 [INFO]: Skipping completions because autocomplete is open
2024-03-16 15:55:35.982 [INFO]: Completion request succeeded (8.01ms)
2024-03-16 15:55:35.983 [INFO]: Generated 7 completions
2024-03-16 15:55:35.983 [INFO]: provideInlineCompletionItems request succeeded (9.57ms)
2024-03-16 15:55:38.183 [INFO]: Completion request succeeded (230.49ms)
2024-03-16 15:55:38.184 [INFO]: No completions were generated
2024-03-16 15:55:38.184 [INFO]: provideInlineCompletionItems request succeeded (231.47ms)
2024-03-16 15:55:39.645 [INFO]: Completion request was cancelled by token (233.1ms)
2024-03-16 15:55:40.467 [INFO]: Completion request succeeded (748.93ms)
2024-03-16 15:55:40.468 [INFO]: Generated 7 completions
2024-03-16 15:55:40.469 [INFO]: provideInlineCompletionItems request succeeded (750.66ms)
2024-03-16 15:55:41.771 [INFO]: Completion request was cancelled by token (151.38ms)
2024-03-16 15:55:42.008 [INFO]: Completion request was cancelled by token (163.86ms)
2024-03-16 15:55:42.701 [INFO]: Completion request succeeded (620.92ms)
2024-03-16 15:55:42.702 [INFO]: Generated 2 completions
2024-03-16 15:55:42.702 [INFO]: provideInlineCompletionItems request succeeded (622.35ms)
2024-03-16 15:55:43.789 [INFO]: Completion request succeeded (209.98ms)
2024-03-16 15:55:43.790 [INFO]: No completions were generated
2024-03-16 15:55:43.790 [INFO]: provideInlineCompletionItems request succeeded (210.99ms)
2024-03-16 15:56:10.844 [INFO]: Completion request succeeded (269.66ms)
2024-03-16 15:56:10.846 [INFO]: Generated 1 completions
2024-03-16 15:56:10.846 [INFO]: provideInlineCompletionItems request succeeded (272.17ms)
2024-03-16 15:56:12.069 [INFO]: Completion request succeeded (309.72ms)
2024-03-16 15:56:12.070 [INFO]: No completions were generated
2024-03-16 15:56:12.070 [INFO]: provideInlineCompletionItems request succeeded (310.77ms)
2024-03-16 15:56:13.720 [INFO]: Completion request succeeded (398.27ms)
2024-03-16 15:56:13.721 [INFO]: Generated 1 completions
2024-03-16 15:56:13.721 [INFO]: provideInlineCompletionItems request succeeded (399.35ms)
2024-03-16 15:56:15.119 [INFO]: Completion request succeeded (237.02ms)
2024-03-16 15:56:15.121 [INFO]: No completions were generated
2024-03-16 15:56:15.122 [INFO]: provideInlineCompletionItems request succeeded (240.61ms)
2024-03-16 15:56:16.901 [INFO]: Completion request succeeded (410.06ms)
2024-03-16 15:56:16.901 [INFO]: No completions were generated
2024-03-16 15:56:16.901 [INFO]: provideInlineCompletionItems request succeeded (410.9ms)
2024-03-16 15:56:34.479 [INFO]: Completion request succeeded (675.11ms)
2024-03-16 15:56:34.482 [INFO]: Generated 1 completions
2024-03-16 15:56:34.483 [INFO]: provideInlineCompletionItems request succeeded (679.71ms)
2024-03-16 15:56:35.977 [INFO]: Completion request succeeded (419.85ms)
2024-03-16 15:56:35.978 [INFO]: No completions were generated
2024-03-16 15:56:35.978 [INFO]: provideInlineCompletionItems request succeeded (420.96ms)
2024-03-16 15:56:40.928 [INFO]: Completion request succeeded (644.37ms)
2024-03-16 15:56:40.929 [INFO]: Generated 4 completions
2024-03-16 15:56:40.929 [INFO]: provideInlineCompletionItems request succeeded (645.97ms)
2024-03-16 15:56:41.788 [INFO]: Completion request succeeded (204.47ms)
2024-03-16 15:56:41.788 [INFO]: No completions were generated
2024-03-16 15:56:41.788 [INFO]: provideInlineCompletionItems request succeeded (205.38ms)
