2024-03-16 12:38:41.395 [info] Added views:workbench.panel.markers.view in workbench.panel.markers
2024-03-16 12:38:41.395 [info] Added views:workbench.panel.output in workbench.panel.output
2024-03-16 12:38:41.395 [info] Added views:terminal in terminal
2024-03-16 12:38:41.395 [info] Added views:outline in workbench.view.explorer
2024-03-16 12:38:41.395 [info] Added views:workbench.scm in workbench.view.scm
2024-03-16 12:38:41.395 [info] Added views:workbench.view.search in workbench.view.search
2024-03-16 12:38:41.395 [info] Added views:timeline in workbench.view.explorer
2024-03-16 12:38:41.395 [info] Added views:workbench.explorer.fileView in workbench.view.explorer
2024-03-16 12:38:41.545 [info] Added views:workbench.debug.variablesView,workbench.debug.watchExpressionsView,workbench.debug.callStackView,workbench.debug.breakPointsView in workbench.view.debug
2024-03-16 12:38:41.640 [info] Added views:codeium.chatPanelView,codeium.searchPanelView in workbench.view.extension.codeium
2024-03-16 12:38:41.640 [info] Added views:thunder-client-sidebar in workbench.view.extension.thunder-client
2024-03-16 12:38:41.850 [info] Added views:workbench.panel.repl.view in workbench.panel.repl
2024-03-16 12:38:42.385 [info] Added views:~remote.forwardedPorts in ~remote.forwardedPortsContainer
2024-03-16 12:38:42.934 [info] Added views:workbench.panel.comments in workbench.panel.comments
2024-03-16 12:39:00.821 [info] Added views:workbench.panel.markers.view in workbench.panel.markers
2024-03-16 12:39:00.821 [info] Added views:workbench.panel.output in workbench.panel.output
2024-03-16 12:39:00.821 [info] Added views:terminal in terminal
2024-03-16 12:39:00.821 [info] Added views:outline in workbench.view.explorer
2024-03-16 12:39:00.821 [info] Added views:workbench.scm in workbench.view.scm
2024-03-16 12:39:00.821 [info] Added views:workbench.view.search in workbench.view.search
2024-03-16 12:39:00.821 [info] Added views:timeline in workbench.view.explorer
2024-03-16 12:39:00.821 [info] Added views:workbench.explorer.fileView in workbench.view.explorer
2024-03-16 12:39:01.021 [info] Added views:workbench.debug.variablesView,workbench.debug.watchExpressionsView,workbench.debug.callStackView,workbench.debug.breakPointsView in workbench.view.debug
2024-03-16 12:39:01.026 [info] Added views:~remote.forwardedPorts in ~remote.forwardedPortsContainer
2024-03-16 12:39:01.138 [info] Added views:workbench.panel.repl.view in workbench.panel.repl
2024-03-16 12:39:01.139 [info] Removed views:workbench.debug.breakPointsView,workbench.debug.callStackView,workbench.debug.watchExpressionsView,workbench.debug.variablesView from workbench.view.debug
2024-03-16 12:39:01.139 [info] Added views:workbench.debug.welcome in workbench.view.debug
2024-03-16 12:39:04.275 [info] Added views:codeium.chatPanelView,codeium.searchPanelView in workbench.view.extension.codeium
2024-03-16 12:39:04.276 [info] Added views:thunder-client-sidebar in workbench.view.extension.thunder-client
2024-03-16 12:39:09.897 [info] Added views:workbench.panel.comments in workbench.panel.comments
