2024-03-16 12:25:35.004 [INFO]: No proxy settings found
2024-03-16 12:25:35.351 [INFO]: Creating manager directory: /tmp/b596f3b3-08ad-4e21-966f-7a3a83f66d49/codeium/manager
2024-03-16 12:25:35.663 [INFO]: Using cached LS with valid crc32: /home/unk0wn/.vscode-oss/extensions/codeium.codeium-1.8.11-universal/dist/ae9d4149edcf0d092aac843e1d0e2d395e771664/language_server_linux_x64
2024-03-16 12:25:35.671 [INFO]: Language server started
2024-03-16 12:25:35.810 [INFO]: [Language Server (stderr)]:
I0316 12:25:35.809450 19778 main.go:544] Starting language server manager with pid 19778
I0316 12:25:35.809518 19778 main.go:107] Manager acquired its lock file /tmp/b596f3b3-08ad-4e21-966f-7a3a83f66d49/codeium/manager/locks/manager.lock
2024-03-16 12:25:35.810 [INFO]: [Language Server (stderr)]:
I0316 12:25:35.809984 19778 main.go:245] Waiting for random port file in /tmp/b596f3b3-08ad-4e21-966f-7a3a83f66d49/codeium/manager/child_random_port_1710609935809641270_6644427138353884309 to be created
2024-03-16 12:25:35.938 [INFO]: [Language Server (stderr)]:
I0316 12:25:35.937927 19803 main.go:538] Starting language server process with pid 19803
I0316 12:25:35.937989 19803 server.go:151] Language server will attempt to listen on host 127.0.0.1
I0316 12:25:35.938130 19803 server.go:158] Language server listening on random port at 44575
I0316 12:25:35.938235 19803 proxy.go:113] proxyplease.proxy> No proxy provided. Attempting to infer from system.
I0316 12:25:35.938264 19803 proxy.go:113] proxyplease.proxy> No proxy could be determined. Assuming a direct connection.
2024-03-16 12:25:35.939 [INFO]: [Language Server (stderr)]:
I0316 12:25:35.938285 19803 client.go:589] [DEBUG] GET https://server.codeium.com/exa.api_server_pb.ApiServerService/GetCompletions
2024-03-16 12:25:36.091 [INFO]: [Language Server (stderr)]:
I0316 12:25:36.090844 19803 unleash.go:86] Initializing Unleash
2024-03-16 12:25:36.212 [INFO]: [Language Server (stderr)]:
I0316 12:25:36.211682 19803 unleash.go:106] Successfully initialized Unleash
2024-03-16 12:25:36.229 [INFO]: [Language Server (stderr)]:
I0316 12:25:36.227674 19803 server.go:336] Successfully created API server client
2024-03-16 12:25:36.238 [INFO]: [Language Server (stderr)]:
I0316 12:25:36.237057 19803 server.go:350] Successfully created API streaming client
2024-03-16 12:25:36.281 [INFO]: [Language Server (stderr)]:
I0316 12:25:36.280561 19803 server.go:359] Successfully initialized tokenizer
I0316 12:25:36.280662 19803 search_provider.go:169] Using database at /home/unk0wn/.codeium/database/9c0694567290725d9dcba14ade58e297/2/MODEL_EMBED_6591
2024-03-16 12:25:36.281 [INFO]: [Language Server (stderr)]:
I0316 12:25:36.281356 19803 search_provider.go:181] Successfully created embedding search database
2024-03-16 12:25:36.282 [INFO]: [Language Server (stderr)]:
I0316 12:25:36.281645 19803 search_provider.go:229] Successfully created embedding search provider
I0316 12:25:36.281652 19803 server.go:444] Successfully created exact search provider
2024-03-16 12:25:36.283 [INFO]: [Language Server (stderr)]:
E0316 12:25:36.282355 19803 unleash.go:57] Unleash error: Version string empty
E0316 12:25:36.282378 19803 unleash.go:57] Unleash error: Version string empty
E0316 12:25:36.282476 19803 unleash.go:57] Unleash error: Version string empty
E0316 12:25:36.282501 19803 unleash.go:57] Unleash error: Version string empty
2024-03-16 12:25:36.286 [INFO]: [Language Server (stderr)]:
I0316 12:25:36.286121 19803 server.go:472] Successfully created completion provider
2024-03-16 12:25:36.344 [INFO]: [Language Server (stderr)]:
I0316 12:25:36.343875 19803 server.go:548] Child process attempting to acquire lock file /tmp/b596f3b3-08ad-4e21-966f-7a3a83f66d49/codeium/manager/locks/child_lock_1710609935809662310_6866237950938320693
I0316 12:25:36.343953 19803 server.go:558] Child process acquired lock file /tmp/b596f3b3-08ad-4e21-966f-7a3a83f66d49/codeium/manager/locks/child_lock_1710609935809662310_6866237950938320693
2024-03-16 12:25:36.347 [INFO]: [Language Server (stderr)]:
I0316 12:25:36.346861 19803 server.go:178] LSP listening on random port at 43417
I0316 12:25:36.347180 19803 web_server.go:235] Chat Web Server listening at ws://127.0.0.1:45771
2024-03-16 12:25:36.413 [INFO]: [Language Server (stdout)]:
43417
2024-03-16 12:25:36.413 [INFO]: [Language Server (stderr)]:
I0316 12:25:36.413414 19778 main.go:281] Language server manager found random server port 44575
I0316 12:25:36.413436 19778 main.go:282] Language server manager found random lsp port 43417
I0316 12:25:36.413445 19778 main.go:289] Language server manager attempting to connect to language server at 127.0.0.1:44575
2024-03-16 12:25:36.431 [INFO]: [Language Server (stderr)]:
I0316 12:25:36.430715 19778 main.go:160] Fixing language server port at 44575
I0316 12:25:36.430729 19778 main.go:340] Language server manager successfully connected to new language server at 127.0.0.1:44575
2024-03-16 12:25:36.474 [INFO]: Found language server running on port 44575
2024-03-16 12:25:36.478 [INFO]: Downloaded binary: /home/unk0wn/.codeium/bin/af6b6c543b224d348a8876f0c06245d9ea7929c5/ripgrep_linux_x64
2024-03-16 12:25:36.556 [INFO]: [Language Server (stderr)]:
I0316 12:25:36.555799 19803 rpcs_miscellaneous.go:301] University version is up to date.
2024-03-16 12:25:36.620 [INFO]: [Language Server (stderr)]:
I0316 12:25:36.618038 19803 rpcs_seat_management.go:94] GetUserStatus Request: metadata:{ide_name:"vscode" ide_version:"VSCodium 1.87.1" extension_name:"vscode" extension_version:"1.8.11" api_key:"d64f76b7-d802-4704-b4b3-583168f2f64e" locale:"en" disable_telemetry:true session_id:"bc33ec18-c1ae-439a-81d8-41ff57fb5f08" request_id:2 extension_path:"/home/unk0wn/.vscode-oss/extensions/codeium.codeium-1.8.11-universal"}
2024-03-16 12:25:36.663 [INFO]: [Language Server (stderr)]:
I0316 12:25:36.663123 19803 rpcs_seat_management.go:103] GetUserStatus Response: user_status:{pro:true name:"Asher" email:"asherlr2@gmail.com"}
2024-03-16 12:26:03.481 [INFO]: Completion request was cancelled by token (130.07ms)
2024-03-16 12:26:03.850 [INFO]: Completion request succeeded (298.34ms)
2024-03-16 12:26:03.852 [INFO]: No completions were generated
2024-03-16 12:26:03.853 [INFO]: provideInlineCompletionItems request succeeded (301.87ms)
2024-03-16 12:26:19.632 [INFO]: Completion request succeeded (355.02ms)
2024-03-16 12:26:19.633 [INFO]: Generated 5 completions
2024-03-16 12:26:19.636 [INFO]: provideInlineCompletionItems request succeeded (359.98ms)
2024-03-16 12:26:20.588 [INFO]: Completion request was cancelled by token (416.69ms)
2024-03-16 12:26:21.063 [INFO]: Completion request succeeded (399.29ms)
2024-03-16 12:26:21.064 [INFO]: Generated 4 completions
2024-03-16 12:26:21.064 [INFO]: provideInlineCompletionItems request succeeded (400.92ms)
2024-03-16 12:26:28.015 [INFO]: Completion request succeeded (298.36ms)
2024-03-16 12:26:28.017 [INFO]: No completions were generated
2024-03-16 12:26:28.018 [INFO]: provideInlineCompletionItems request succeeded (301.96ms)
2024-03-16 12:26:43.185 [INFO]: Completion request succeeded (264.92ms)
2024-03-16 12:26:43.186 [INFO]: No completions were generated
2024-03-16 12:26:43.186 [INFO]: provideInlineCompletionItems request succeeded (266.02ms)
2024-03-16 12:29:26.519 [INFO]: Completion request succeeded (262ms)
2024-03-16 12:29:26.520 [INFO]: No completions were generated
2024-03-16 12:29:26.520 [INFO]: provideInlineCompletionItems request succeeded (262.91ms)
2024-03-16 12:29:28.960 [INFO]: Completion request succeeded (353.56ms)
2024-03-16 12:29:28.961 [INFO]: Generated 1 completions
2024-03-16 12:29:28.962 [INFO]: provideInlineCompletionItems request succeeded (355.16ms)
2024-03-16 12:30:24.970 [INFO]: Completion request was cancelled by token (86.75ms)
2024-03-16 12:30:25.265 [INFO]: Completion request was cancelled by token (220.29ms)
2024-03-16 12:30:25.792 [INFO]: Completion request succeeded (438.29ms)
2024-03-16 12:30:25.793 [INFO]: No completions were generated
2024-03-16 12:30:25.793 [INFO]: provideInlineCompletionItems request succeeded (439.07ms)
2024-03-16 12:30:43.396 [INFO]: Completion request succeeded (300.82ms)
2024-03-16 12:30:43.398 [INFO]: Generated 1 completions
2024-03-16 12:30:43.399 [INFO]: provideInlineCompletionItems request succeeded (304.9ms)
2024-03-16 12:30:44.100 [INFO]: Completion request succeeded (9.46ms)
2024-03-16 12:30:44.100 [INFO]: Generated 1 completions
2024-03-16 12:30:44.100 [INFO]: provideInlineCompletionItems request succeeded (10.24ms)
2024-03-16 12:30:44.747 [INFO]: Completion request succeeded (9.02ms)
2024-03-16 12:30:44.747 [INFO]: Generated 1 completions
2024-03-16 12:30:44.747 [INFO]: provideInlineCompletionItems request succeeded (9.85ms)
2024-03-16 12:30:46.027 [INFO]: Skipping completions because autocomplete is open
2024-03-16 12:30:49.449 [INFO]: Completion request succeeded (375.56ms)
2024-03-16 12:30:49.449 [INFO]: No completions were generated
2024-03-16 12:30:49.450 [INFO]: provideInlineCompletionItems request succeeded (376.61ms)
2024-03-16 12:30:52.770 [INFO]: Completion request succeeded (700.01ms)
2024-03-16 12:30:52.771 [INFO]: Generated 5 completions
2024-03-16 12:30:52.771 [INFO]: provideInlineCompletionItems request succeeded (701.54ms)
2024-03-16 12:30:53.140 [INFO]: Completion request succeeded (35.83ms)
2024-03-16 12:30:53.141 [INFO]: Generated 5 completions
2024-03-16 12:30:53.141 [INFO]: provideInlineCompletionItems request succeeded (37.83ms)
2024-03-16 12:30:58.767 [INFO]: Completion request succeeded (404.94ms)
2024-03-16 12:30:58.767 [INFO]: No completions were generated
2024-03-16 12:30:58.767 [INFO]: provideInlineCompletionItems request succeeded (405.55ms)
2024-03-16 12:32:25.708 [INFO]: Completion request succeeded (339.18ms)
2024-03-16 12:32:25.708 [INFO]: No completions were generated
2024-03-16 12:32:25.708 [INFO]: provideInlineCompletionItems request succeeded (340.09ms)
2024-03-16 12:32:27.540 [INFO]: Completion request was cancelled by token (684.47ms)
2024-03-16 12:32:41.273 [INFO]: Completion request succeeded (368.75ms)
2024-03-16 12:32:41.273 [INFO]: No completions were generated
2024-03-16 12:32:41.273 [INFO]: provideInlineCompletionItems request succeeded (369.48ms)
2024-03-16 12:32:41.856 [INFO]: Completion request succeeded (408.73ms)
2024-03-16 12:32:41.856 [INFO]: No completions were generated
2024-03-16 12:32:41.857 [INFO]: provideInlineCompletionItems request succeeded (409.39ms)
2024-03-16 12:32:44.134 [INFO]: [Language Server (stderr)]:
I0316 12:32:44.133838 19803 rpcs_seat_management.go:94] GetUserStatus Request: metadata:{ide_name:"vscode" ide_version:"VSCodium 1.87.1" extension_name:"vscode" extension_version:"1.8.11" api_key:"d64f76b7-d802-4704-b4b3-583168f2f64e" locale:"en" disable_telemetry:true session_id:"bc33ec18-c1ae-439a-81d8-41ff57fb5f08" request_id:894 extension_path:"/home/unk0wn/.vscode-oss/extensions/codeium.codeium-1.8.11-universal"}
2024-03-16 12:32:44.175 [INFO]: [Language Server (stderr)]:
I0316 12:32:44.173932 19803 rpcs_seat_management.go:103] GetUserStatus Response: user_status:{pro:true name:"Asher" email:"asherlr2@gmail.com"}
2024-03-16 12:32:44.211 [INFO]: [Language Server (stderr)]:
I0316 12:32:44.209773 19803 rpcs_seat_management.go:94] GetUserStatus Request: metadata:{ide_name:"vscode" ide_version:"VSCodium 1.87.1" extension_name:"vscode" extension_version:"1.8.11" api_key:"d64f76b7-d802-4704-b4b3-583168f2f64e" locale:"en" disable_telemetry:true session_id:"bc33ec18-c1ae-439a-81d8-41ff57fb5f08" request_id:896 extension_path:"/home/unk0wn/.vscode-oss/extensions/codeium.codeium-1.8.11-universal"}
2024-03-16 12:32:44.245 [INFO]: [Language Server (stderr)]:
I0316 12:32:44.244634 19803 rpcs_seat_management.go:103] GetUserStatus Response: user_status:{pro:true name:"Asher" email:"asherlr2@gmail.com"}
2024-03-16 12:32:47.025 [INFO]: Completion request was cancelled by token (135.54ms)
2024-03-16 12:32:47.297 [INFO]: Completion request was cancelled by token (196.23ms)
2024-03-16 12:32:47.966 [INFO]: Completion request succeeded (592.2ms)
2024-03-16 12:32:47.970 [INFO]: Generated 1 completions
2024-03-16 12:32:47.971 [INFO]: provideInlineCompletionItems request succeeded (597.46ms)
2024-03-16 12:32:48.091 [INFO]: [Language Server (stderr)]:
I0316 12:32:48.089870 19803 api.go:346] Handle set draft query: {"ops":[{"insert":"\n\n"}]}
2024-03-16 12:32:50.343 [INFO]: Completion request was cancelled by token (100.63ms)
2024-03-16 12:32:50.694 [INFO]: Completion request succeeded (275.98ms)
2024-03-16 12:32:50.696 [INFO]: No completions were generated
2024-03-16 12:32:50.697 [INFO]: provideInlineCompletionItems request succeeded (279.13ms)
2024-03-16 12:32:54.484 [INFO]: Completion request succeeded (319.13ms)
2024-03-16 12:32:54.485 [INFO]: Generated 2 completions
2024-03-16 12:32:54.486 [INFO]: provideInlineCompletionItems request succeeded (322.46ms)
2024-03-16 12:33:10.578 [INFO]: Completion request succeeded (460.9ms)
2024-03-16 12:33:10.580 [INFO]: Generated 5 completions
2024-03-16 12:33:10.580 [INFO]: provideInlineCompletionItems request succeeded (463.46ms)
2024-03-16 12:33:15.201 [INFO]: Completion request was cancelled by token (20.73ms)
2024-03-16 12:33:15.580 [INFO]: Completion request was cancelled by token (302.81ms)
2024-03-16 12:33:23.701 [INFO]: Completion request succeeded (364.32ms)
2024-03-16 12:33:23.703 [INFO]: Generated 4 completions
2024-03-16 12:33:23.706 [INFO]: provideInlineCompletionItems request succeeded (369.66ms)
2024-03-16 12:33:25.720 [INFO]: Completion request succeeded (339.04ms)
2024-03-16 12:33:25.722 [INFO]: No completions were generated
2024-03-16 12:33:25.722 [INFO]: provideInlineCompletionItems request succeeded (341.54ms)
2024-03-16 12:33:28.701 [INFO]: Completion request was cancelled by token (64.65ms)
2024-03-16 12:33:28.826 [INFO]: Completion request was cancelled by token (49.13ms)
2024-03-16 12:33:29.203 [INFO]: Completion request succeeded (301.55ms)
2024-03-16 12:33:29.205 [INFO]: Generated 1 completions
2024-03-16 12:33:29.206 [INFO]: provideInlineCompletionItems request succeeded (304.67ms)
2024-03-16 12:33:29.510 [INFO]: Completion request was cancelled by token (213.21ms)
2024-03-16 12:33:29.915 [INFO]: Completion request succeeded (329.22ms)
2024-03-16 12:33:29.916 [INFO]: Generated 3 completions
2024-03-16 12:33:29.916 [INFO]: provideInlineCompletionItems request succeeded (330.44ms)
2024-03-16 12:33:31.566 [INFO]: Completion request succeeded (10.46ms)
2024-03-16 12:33:31.566 [INFO]: Generated 1 completions
2024-03-16 12:33:31.567 [INFO]: provideInlineCompletionItems request succeeded (11.31ms)
2024-03-16 12:33:31.667 [INFO]: Completion request succeeded (21.52ms)
2024-03-16 12:33:31.668 [INFO]: Generated 1 completions
2024-03-16 12:33:31.668 [INFO]: provideInlineCompletionItems request succeeded (22.89ms)
2024-03-16 12:33:32.075 [INFO]: Completion request succeeded (292.04ms)
2024-03-16 12:33:32.077 [INFO]: Generated 1 completions
2024-03-16 12:33:32.078 [INFO]: provideInlineCompletionItems request succeeded (295.17ms)
2024-03-16 12:33:32.828 [INFO]: Completion request succeeded (10.36ms)
2024-03-16 12:33:32.828 [INFO]: Generated 1 completions
2024-03-16 12:33:32.829 [INFO]: provideInlineCompletionItems request succeeded (11.07ms)
2024-03-16 12:33:34.481 [INFO]: Completion request was cancelled by token (319.91ms)
2024-03-16 12:33:35.240 [INFO]: Completion request succeeded (681.96ms)
2024-03-16 12:33:35.242 [INFO]: Generated 8 completions
2024-03-16 12:33:35.244 [INFO]: provideInlineCompletionItems request succeeded (686.2ms)
2024-03-16 12:33:35.883 [INFO]: Skipping completions because autocomplete is open
2024-03-16 12:33:36.150 [INFO]: Skipping completions because autocomplete is open
2024-03-16 12:33:36.528 [INFO]: Skipping completions because autocomplete is open
2024-03-16 12:33:36.824 [INFO]: Completion request was cancelled by token (154.07ms)
2024-03-16 12:33:36.913 [INFO]: Skipping completions because autocomplete is open
2024-03-16 12:33:37.229 [INFO]: Completion request was cancelled by token (93.42ms)
2024-03-16 12:33:37.417 [INFO]: Completion request was cancelled by token (112.01ms)
2024-03-16 12:33:37.993 [INFO]: Completion request was cancelled by token (455.48ms)
2024-03-16 12:33:38.620 [INFO]: Completion request succeeded (553.01ms)
2024-03-16 12:33:38.621 [INFO]: Generated 7 completions
2024-03-16 12:33:38.622 [INFO]: provideInlineCompletionItems request succeeded (554.37ms)
2024-03-16 12:33:39.962 [INFO]: Completion request succeeded (309.28ms)
2024-03-16 12:33:39.963 [INFO]: No completions were generated
2024-03-16 12:33:39.964 [INFO]: provideInlineCompletionItems request succeeded (311.96ms)
2024-03-16 12:33:45.139 [INFO]: Completion request succeeded (433.27ms)
2024-03-16 12:33:45.139 [INFO]: Generated 5 completions
2024-03-16 12:33:45.140 [INFO]: provideInlineCompletionItems request succeeded (434.5ms)
2024-03-16 12:33:45.585 [INFO]: Completion request succeeded (33.63ms)
2024-03-16 12:33:45.585 [INFO]: Generated 5 completions
2024-03-16 12:33:45.586 [INFO]: provideInlineCompletionItems request succeeded (35.5ms)
2024-03-16 12:33:46.197 [INFO]: Completion request succeeded (390.79ms)
2024-03-16 12:33:46.198 [INFO]: Generated 1 completions
2024-03-16 12:33:46.198 [INFO]: provideInlineCompletionItems request succeeded (391.84ms)
2024-03-16 12:33:48.040 [INFO]: Completion request succeeded (352.9ms)
2024-03-16 12:33:48.041 [INFO]: Generated 1 completions
2024-03-16 12:33:48.041 [INFO]: provideInlineCompletionItems request succeeded (353.95ms)
2024-03-16 12:33:51.399 [INFO]: Completion request was cancelled by token (254.45ms)
2024-03-16 12:33:51.834 [INFO]: Completion request succeeded (358.3ms)
2024-03-16 12:33:51.835 [INFO]: No completions were generated
2024-03-16 12:33:51.836 [INFO]: provideInlineCompletionItems request succeeded (360.98ms)
2024-03-16 12:33:53.694 [INFO]: Completion request succeeded (422.35ms)
2024-03-16 12:33:53.694 [INFO]: Generated 8 completions
2024-03-16 12:33:53.695 [INFO]: provideInlineCompletionItems request succeeded (423.45ms)
2024-03-16 12:33:55.046 [INFO]: Completion request succeeded (10.3ms)
2024-03-16 12:33:55.046 [INFO]: Generated 4 completions
2024-03-16 12:33:55.047 [INFO]: provideInlineCompletionItems request succeeded (11.26ms)
2024-03-16 12:33:55.195 [INFO]: Completion request succeeded (10.56ms)
2024-03-16 12:33:55.196 [INFO]: Generated 4 completions
2024-03-16 12:33:55.196 [INFO]: provideInlineCompletionItems request succeeded (11.5ms)
2024-03-16 12:33:55.463 [INFO]: Completion request succeeded (10.76ms)
2024-03-16 12:33:55.463 [INFO]: Generated 4 completions
2024-03-16 12:33:55.464 [INFO]: provideInlineCompletionItems request succeeded (11.77ms)
2024-03-16 12:33:56.749 [INFO]: Completion request succeeded (317.93ms)
2024-03-16 12:33:56.750 [INFO]: No completions were generated
2024-03-16 12:33:56.751 [INFO]: provideInlineCompletionItems request succeeded (320.4ms)
2024-03-16 12:34:30.196 [INFO]: Completion request was cancelled by token (52.8ms)
2024-03-16 12:34:30.553 [INFO]: Completion request succeeded (283.03ms)
2024-03-16 12:34:30.555 [INFO]: No completions were generated
2024-03-16 12:34:30.555 [INFO]: provideInlineCompletionItems request succeeded (285.72ms)
2024-03-16 12:34:33.286 [INFO]: Skipping completions because autocomplete is open
2024-03-16 12:34:33.465 [INFO]: Skipping completions because autocomplete is open
2024-03-16 12:34:33.952 [INFO]: Completion request succeeded (366.68ms)
2024-03-16 12:34:33.953 [INFO]: Generated 4 completions
2024-03-16 12:34:33.953 [INFO]: provideInlineCompletionItems request succeeded (368.47ms)
2024-03-16 12:34:34.452 [INFO]: Skipping completions because autocomplete is open
2024-03-16 12:34:35.150 [INFO]: Skipping completions because autocomplete is open
2024-03-16 12:34:36.578 [INFO]: Skipping completions because autocomplete is open
2024-03-16 12:34:37.174 [INFO]: Completion request succeeded (11.41ms)
2024-03-16 12:34:37.174 [INFO]: Generated 4 completions
2024-03-16 12:34:37.175 [INFO]: provideInlineCompletionItems request succeeded (12.59ms)
2024-03-16 12:34:37.436 [INFO]: Completion request succeeded (11.61ms)
2024-03-16 12:34:37.437 [INFO]: Generated 4 completions
2024-03-16 12:34:37.437 [INFO]: provideInlineCompletionItems request succeeded (12.82ms)
2024-03-16 12:34:38.350 [INFO]: Completion request succeeded (11.84ms)
2024-03-16 12:34:38.351 [INFO]: Generated 4 completions
2024-03-16 12:34:38.351 [INFO]: provideInlineCompletionItems request succeeded (12.93ms)
2024-03-16 12:34:38.876 [INFO]: Completion request was cancelled by token (276.58ms)
2024-03-16 12:34:38.956 [INFO]: Completion request succeeded (11.19ms)
2024-03-16 12:34:38.956 [INFO]: Generated 4 completions
2024-03-16 12:34:38.957 [INFO]: provideInlineCompletionItems request succeeded (12.18ms)
2024-03-16 12:34:44.108 [INFO]: Skipping completions because autocomplete is open
2024-03-16 12:34:44.734 [INFO]: Completion request succeeded (11.62ms)
2024-03-16 12:34:44.735 [INFO]: Generated 4 completions
2024-03-16 12:34:44.735 [INFO]: provideInlineCompletionItems request succeeded (13.03ms)
2024-03-16 12:34:47.484 [INFO]: Completion request succeeded (11.77ms)
2024-03-16 12:34:47.484 [INFO]: Generated 4 completions
2024-03-16 12:34:47.485 [INFO]: provideInlineCompletionItems request succeeded (12.99ms)
2024-03-16 12:38:25.150 [INFO]: Disposing language server process
2024-03-16 12:38:25.150 [INFO]: Deleting manager directory: /tmp/b596f3b3-08ad-4e21-966f-7a3a83f66d49/codeium/manager
2024-03-16 12:38:25.152 [INFO]: Successfully disposed language server
