2024-03-16 15:41:04.583 [info] Added views:workbench.panel.markers.view in workbench.panel.markers
2024-03-16 15:41:04.583 [info] Added views:workbench.panel.output in workbench.panel.output
2024-03-16 15:41:04.583 [info] Added views:terminal in terminal
2024-03-16 15:41:04.583 [info] Added views:outline in workbench.view.explorer
2024-03-16 15:41:04.583 [info] Added views:workbench.scm in workbench.view.scm
2024-03-16 15:41:04.583 [info] Added views:workbench.view.search in workbench.view.search
2024-03-16 15:41:04.583 [info] Added views:timeline in workbench.view.explorer
2024-03-16 15:41:04.583 [info] Added views:workbench.explorer.emptyView in workbench.view.explorer
2024-03-16 15:41:04.706 [info] Added views:codeium.chatPanelView,codeium.searchPanelView in workbench.view.extension.codeium
2024-03-16 15:41:04.706 [info] Added views:thunder-client-sidebar in workbench.view.extension.thunder-client
2024-03-16 15:41:04.824 [info] Added views:workbench.debug.variablesView,workbench.debug.watchExpressionsView,workbench.debug.callStackView,workbench.debug.breakPointsView in workbench.view.debug
2024-03-16 15:41:04.889 [info] Added views:workbench.panel.repl.view in workbench.panel.repl
2024-03-16 15:41:04.890 [info] Removed views:workbench.debug.breakPointsView,workbench.debug.callStackView,workbench.debug.watchExpressionsView,workbench.debug.variablesView from workbench.view.debug
2024-03-16 15:41:04.891 [info] Added views:workbench.debug.welcome in workbench.view.debug
2024-03-16 15:41:04.908 [info] Added views:~remote.forwardedPorts in ~remote.forwardedPortsContainer
2024-03-16 15:41:05.669 [info] Added views:workbench.panel.comments in workbench.panel.comments
2024-03-16 15:41:31.083 [info] Added views:workbench.panel.markers.view in workbench.panel.markers
2024-03-16 15:41:31.083 [info] Added views:workbench.panel.output in workbench.panel.output
2024-03-16 15:41:31.083 [info] Added views:terminal in terminal
2024-03-16 15:41:31.083 [info] Added views:outline in workbench.view.explorer
2024-03-16 15:41:31.083 [info] Added views:workbench.scm in workbench.view.scm
2024-03-16 15:41:31.083 [info] Added views:workbench.view.search in workbench.view.search
2024-03-16 15:41:31.083 [info] Added views:timeline in workbench.view.explorer
2024-03-16 15:41:31.083 [info] Added views:workbench.explorer.fileView in workbench.view.explorer
2024-03-16 15:41:31.213 [info] Added views:codeium.chatPanelView,codeium.searchPanelView in workbench.view.extension.codeium
2024-03-16 15:41:31.213 [info] Added views:thunder-client-sidebar in workbench.view.extension.thunder-client
2024-03-16 15:41:31.395 [info] Added views:workbench.debug.variablesView,workbench.debug.watchExpressionsView,workbench.debug.callStackView,workbench.debug.breakPointsView in workbench.view.debug
2024-03-16 15:41:31.399 [info] Added views:~remote.forwardedPorts in ~remote.forwardedPortsContainer
2024-03-16 15:41:31.443 [info] Added views:workbench.panel.repl.view in workbench.panel.repl
2024-03-16 15:41:31.444 [info] Removed views:workbench.debug.breakPointsView,workbench.debug.callStackView,workbench.debug.watchExpressionsView,workbench.debug.variablesView from workbench.view.debug
2024-03-16 15:41:31.445 [info] Added views:workbench.debug.welcome in workbench.view.debug
2024-03-16 15:41:31.836 [info] Removed views:workbench.debug.welcome from workbench.view.debug
2024-03-16 15:41:31.836 [info] Added views:workbench.debug.variablesView,workbench.debug.watchExpressionsView,workbench.debug.callStackView,workbench.debug.breakPointsView in workbench.view.debug
2024-03-16 15:41:32.437 [info] Added views:workbench.panel.comments in workbench.panel.comments
2024-03-16 15:41:42.676 [info] Added views:workbench.panel.markers.view in workbench.panel.markers
2024-03-16 15:41:42.676 [info] Added views:workbench.panel.output in workbench.panel.output
2024-03-16 15:41:42.676 [info] Added views:terminal in terminal
2024-03-16 15:41:42.676 [info] Added views:outline in workbench.view.explorer
2024-03-16 15:41:42.676 [info] Added views:workbench.scm in workbench.view.scm
2024-03-16 15:41:42.676 [info] Added views:workbench.view.search in workbench.view.search
2024-03-16 15:41:42.677 [info] Added views:timeline in workbench.view.explorer
2024-03-16 15:41:42.677 [info] Added views:workbench.explorer.fileView in workbench.view.explorer
2024-03-16 15:41:42.775 [info] Added views:workbench.debug.variablesView,workbench.debug.watchExpressionsView,workbench.debug.callStackView,workbench.debug.breakPointsView in workbench.view.debug
2024-03-16 15:41:42.943 [info] Added views:codeium.chatPanelView,codeium.searchPanelView in workbench.view.extension.codeium
2024-03-16 15:41:42.943 [info] Added views:thunder-client-sidebar in workbench.view.extension.thunder-client
2024-03-16 15:41:43.137 [info] Added views:workbench.panel.repl.view in workbench.panel.repl
2024-03-16 15:41:43.305 [info] Added views:~remote.forwardedPorts in ~remote.forwardedPortsContainer
2024-03-16 15:41:44.109 [info] Added views:workbench.panel.comments in workbench.panel.comments
2024-03-16 15:55:50.610 [info] Added views:workbench.views.extensions.installed,workbench.views.extensions.popular,extensions.recommendedList in workbench.view.extensions
2024-03-16 15:55:50.618 [info] Removed views:workbench.views.extensions.popular from workbench.view.extensions
