2024-03-17 11:23:02.137 [INFO]: No proxy settings found
2024-03-17 11:23:02.480 [INFO]: Creating manager directory: /tmp/4d58ceb2-6858-4f6e-abe1-175911f640be/codeium/manager
2024-03-17 11:23:02.782 [INFO]: Using cached LS with valid crc32: /home/unk0wn/.vscode-oss/extensions/codeium.codeium-1.8.11-universal/dist/ae9d4149edcf0d092aac843e1d0e2d395e771664/language_server_linux_x64
2024-03-17 11:23:02.788 [INFO]: Language server started
2024-03-17 11:23:02.906 [INFO]: [Language Server (stderr)]:
I0317 11:23:02.905924  2614 main.go:544] Starting language server manager with pid 2614
I0317 11:23:02.905991  2614 main.go:107] Manager acquired its lock file /tmp/4d58ceb2-6858-4f6e-abe1-175911f640be/codeium/manager/locks/manager.lock
2024-03-17 11:23:02.907 [INFO]: [Language Server (stderr)]:
I0317 11:23:02.906445  2614 main.go:245] Waiting for random port file in /tmp/4d58ceb2-6858-4f6e-abe1-175911f640be/codeium/manager/child_random_port_1710692582906106134_1138929251249349272 to be created
2024-03-17 11:23:03.021 [INFO]: [Language Server (stderr)]:
I0317 11:23:03.021047  2634 main.go:538] Starting language server process with pid 2634
I0317 11:23:03.021080  2634 server.go:151] Language server will attempt to listen on host 127.0.0.1
I0317 11:23:03.021150  2634 server.go:158] Language server listening on random port at 34549
2024-03-17 11:23:03.021 [INFO]: [Language Server (stderr)]:
I0317 11:23:03.021180  2634 proxy.go:113] proxyplease.proxy> No proxy provided. Attempting to infer from system.
I0317 11:23:03.021194  2634 proxy.go:113] proxyplease.proxy> No proxy could be determined. Assuming a direct connection.
I0317 11:23:03.021205  2634 client.go:589] [DEBUG] GET https://server.codeium.com/exa.api_server_pb.ApiServerService/GetCompletions
2024-03-17 11:23:03.202 [INFO]: [Language Server (stderr)]:
I0317 11:23:03.201798  2634 unleash.go:86] Initializing Unleash
2024-03-17 11:23:03.341 [INFO]: [Language Server (stderr)]:
I0317 11:23:03.339890  2634 unleash.go:106] Successfully initialized Unleash
2024-03-17 11:23:03.352 [INFO]: [Language Server (stderr)]:
I0317 11:23:03.351830  2634 server.go:336] Successfully created API server client
2024-03-17 11:23:03.360 [INFO]: [Language Server (stderr)]:
I0317 11:23:03.359579  2634 server.go:350] Successfully created API streaming client
2024-03-17 11:23:03.407 [INFO]: [Language Server (stderr)]:
I0317 11:23:03.406806  2634 server.go:359] Successfully initialized tokenizer
I0317 11:23:03.406875  2634 search_provider.go:169] Using database at /home/unk0wn/.codeium/database/9c0694567290725d9dcba14ade58e297/2/MODEL_EMBED_6591
2024-03-17 11:23:03.407 [INFO]: [Language Server (stderr)]:
I0317 11:23:03.407450  2634 search_provider.go:181] Successfully created embedding search database
2024-03-17 11:23:03.407 [INFO]: [Language Server (stderr)]:
I0317 11:23:03.407654  2634 search_provider.go:229] Successfully created embedding search provider
I0317 11:23:03.407661  2634 server.go:444] Successfully created exact search provider
2024-03-17 11:23:03.408 [INFO]: [Language Server (stderr)]:
E0317 11:23:03.408081  2634 unleash.go:57] Unleash error: Version string empty
2024-03-17 11:23:03.408 [INFO]: [Language Server (stderr)]:
E0317 11:23:03.408127  2634 unleash.go:57] Unleash error: Version string empty
E0317 11:23:03.408132  2634 unleash.go:57] Unleash error: Version string empty
E0317 11:23:03.408138  2634 unleash.go:57] Unleash error: Version string empty
2024-03-17 11:23:03.410 [INFO]: [Language Server (stderr)]:
I0317 11:23:03.410507  2634 server.go:472] Successfully created completion provider
2024-03-17 11:23:03.456 [INFO]: [Language Server (stderr)]:
I0317 11:23:03.456022  2634 server.go:548] Child process attempting to acquire lock file /tmp/4d58ceb2-6858-4f6e-abe1-175911f640be/codeium/manager/locks/child_lock_1710692582906156348_6683985925667646406
I0317 11:23:03.456152  2634 server.go:558] Child process acquired lock file /tmp/4d58ceb2-6858-4f6e-abe1-175911f640be/codeium/manager/locks/child_lock_1710692582906156348_6683985925667646406
2024-03-17 11:23:03.459 [INFO]: [Language Server (stderr)]:
I0317 11:23:03.458719  2634 server.go:178] LSP listening on random port at 34287
2024-03-17 11:23:03.460 [INFO]: [Language Server (stderr)]:
I0317 11:23:03.459811  2634 web_server.go:235] Chat Web Server listening at ws://127.0.0.1:32979
2024-03-17 11:23:03.510 [INFO]: [Language Server (stdout)]:
34287
2024-03-17 11:23:03.510 [INFO]: [Language Server (stderr)]:
I0317 11:23:03.510289  2614 main.go:281] Language server manager found random server port 34549
I0317 11:23:03.510308  2614 main.go:282] Language server manager found random lsp port 34287
I0317 11:23:03.510319  2614 main.go:289] Language server manager attempting to connect to language server at 127.0.0.1:34549
2024-03-17 11:23:03.531 [INFO]: [Language Server (stderr)]:
I0317 11:23:03.530770  2614 main.go:160] Fixing language server port at 34549
I0317 11:23:03.530785  2614 main.go:340] Language server manager successfully connected to new language server at 127.0.0.1:34549
2024-03-17 11:23:03.593 [INFO]: Found language server running on port 34549
2024-03-17 11:23:03.604 [INFO]: Downloaded binary: /home/unk0wn/.codeium/bin/af6b6c543b224d348a8876f0c06245d9ea7929c5/ripgrep_linux_x64
2024-03-17 11:23:03.686 [INFO]: [Language Server (stderr)]:
I0317 11:23:03.686021  2634 rpcs_miscellaneous.go:301] University version is up to date.
2024-03-17 11:23:03.707 [INFO]: [Language Server (stderr)]:
I0317 11:23:03.706054  2634 rpcs_seat_management.go:94] GetUserStatus Request: metadata:{ide_name:"vscode" ide_version:"VSCodium 1.87.1" extension_name:"vscode" extension_version:"1.8.11" api_key:"d64f76b7-d802-4704-b4b3-583168f2f64e" locale:"en" disable_telemetry:true session_id:"c9511e18-3531-4dc2-9ef2-85cb50f3aec7" request_id:2 extension_path:"/home/unk0wn/.vscode-oss/extensions/codeium.codeium-1.8.11-universal"}
2024-03-17 11:23:03.743 [INFO]: [Language Server (stderr)]:
I0317 11:23:03.743269  2634 rpcs_seat_management.go:103] GetUserStatus Response: user_status:{pro:true name:"Asher" email:"asherlr2@gmail.com"}
2024-03-17 11:23:09.868 [INFO]: Disposing language server process
2024-03-17 11:23:09.868 [INFO]: Deleting manager directory: /tmp/4d58ceb2-6858-4f6e-abe1-175911f640be/codeium/manager
2024-03-17 11:23:09.868 [INFO]: Successfully disposed language server
