2024-03-16 15:35:05.994 [info] Added views:workbench.panel.markers.view in workbench.panel.markers
2024-03-16 15:35:05.994 [info] Added views:workbench.panel.output in workbench.panel.output
2024-03-16 15:35:05.994 [info] Added views:terminal in terminal
2024-03-16 15:35:05.994 [info] Added views:outline in workbench.view.explorer
2024-03-16 15:35:05.994 [info] Added views:workbench.scm in workbench.view.scm
2024-03-16 15:35:05.994 [info] Added views:workbench.view.search in workbench.view.search
2024-03-16 15:35:05.994 [info] Added views:timeline in workbench.view.explorer
2024-03-16 15:35:05.994 [info] Added views:workbench.explorer.fileView in workbench.view.explorer
2024-03-16 15:35:06.111 [info] Added views:codeium.chatPanelView,codeium.searchPanelView in workbench.view.extension.codeium
2024-03-16 15:35:06.111 [info] Added views:thunder-client-sidebar in workbench.view.extension.thunder-client
2024-03-16 15:35:06.287 [info] Added views:workbench.debug.welcome in workbench.view.debug
2024-03-16 15:35:06.369 [info] Added views:workbench.panel.repl.view in workbench.panel.repl
2024-03-16 15:35:06.603 [info] Added views:~remote.forwardedPorts in ~remote.forwardedPortsContainer
2024-03-16 15:35:07.241 [info] Added views:workbench.panel.comments in workbench.panel.comments
2024-03-16 15:35:15.452 [info] Added views:workbench.panel.markers.view in workbench.panel.markers
2024-03-16 15:35:15.452 [info] Added views:workbench.panel.output in workbench.panel.output
2024-03-16 15:35:15.452 [info] Added views:terminal in terminal
2024-03-16 15:35:15.452 [info] Added views:outline in workbench.view.explorer
2024-03-16 15:35:15.452 [info] Added views:workbench.scm in workbench.view.scm
2024-03-16 15:35:15.452 [info] Added views:workbench.view.search in workbench.view.search
2024-03-16 15:35:15.452 [info] Added views:timeline in workbench.view.explorer
2024-03-16 15:35:15.452 [info] Added views:workbench.explorer.fileView in workbench.view.explorer
2024-03-16 15:35:15.655 [info] Added views:workbench.debug.variablesView,workbench.debug.watchExpressionsView,workbench.debug.callStackView,workbench.debug.breakPointsView in workbench.view.debug
2024-03-16 15:35:15.688 [info] Added views:~remote.forwardedPorts in ~remote.forwardedPortsContainer
2024-03-16 15:35:15.748 [info] Added views:workbench.panel.repl.view in workbench.panel.repl
2024-03-16 15:35:15.749 [info] Removed views:workbench.debug.breakPointsView,workbench.debug.callStackView,workbench.debug.watchExpressionsView,workbench.debug.variablesView from workbench.view.debug
2024-03-16 15:35:15.750 [info] Added views:workbench.debug.welcome in workbench.view.debug
2024-03-16 15:35:18.102 [info] Added views:codeium.chatPanelView,codeium.searchPanelView in workbench.view.extension.codeium
2024-03-16 15:35:18.103 [info] Added views:thunder-client-sidebar in workbench.view.extension.thunder-client
2024-03-16 15:35:19.025 [info] Added views:workbench.panel.comments in workbench.panel.comments
