2024-03-16 10:18:46.490 [info] Log level: Info
2024-03-16 10:18:46.490 [info] Validating found git in: "git"
2024-03-16 10:18:47.079 [info] Using git "2.44.0" from "git"
2024-03-16 10:18:47.234 [info] > git rev-parse --show-toplevel [134ms]
2024-03-16 10:18:47.234 [info] fatal: not a git repository (or any of the parent directories): .git
2024-03-16 10:18:49.699 [info] > git rev-parse --show-toplevel [508ms]
2024-03-16 10:18:49.699 [info] fatal: not a git repository (or any of the parent directories): .git
2024-03-16 10:18:49.792 [info] > git rev-parse --show-toplevel [38ms]
2024-03-16 10:18:49.792 [info] fatal: not a git repository (or any of the parent directories): .git
2024-03-16 10:18:49.798 [info] > git rev-parse --show-toplevel [1ms]
2024-03-16 10:18:49.798 [info] fatal: not a git repository (or any of the parent directories): .git
2024-03-16 10:18:50.086 [info] > git rev-parse --show-toplevel [282ms]
2024-03-16 10:18:50.086 [info] fatal: not a git repository (or any of the parent directories): .git
2024-03-16 10:24:29.733 [info] > git rev-parse --show-toplevel [3ms]
2024-03-16 10:24:29.733 [info] fatal: not a git repository (or any of the parent directories): .git
2024-03-16 10:25:55.471 [info] > git rev-parse --show-toplevel [3ms]
2024-03-16 10:25:55.471 [info] fatal: not a git repository (or any of the parent directories): .git
2024-03-16 10:46:24.784 [info] > git rev-parse --show-toplevel [3ms]
2024-03-16 10:46:24.784 [info] fatal: not a git repository (or any of the parent directories): .git
2024-03-16 10:46:28.513 [info] > git rev-parse --show-toplevel [2ms]
2024-03-16 10:46:28.513 [info] fatal: not a git repository (or any of the parent directories): .git
2024-03-16 10:46:30.415 [info] > git rev-parse --show-toplevel [3ms]
2024-03-16 10:46:30.415 [info] fatal: not a git repository (or any of the parent directories): .git
2024-03-16 10:46:35.896 [info] > git rev-parse --show-toplevel [2ms]
2024-03-16 10:46:35.897 [info] fatal: not a git repository (or any of the parent directories): .git
2024-03-16 10:54:19.151 [info] > git rev-parse --show-toplevel [1ms]
2024-03-16 10:54:19.151 [info] fatal: not a git repository (or any of the parent directories): .git
2024-03-16 10:57:44.277 [info] > git rev-parse --show-toplevel [4ms]
2024-03-16 10:57:44.277 [info] fatal: not a git repository (or any of the parent directories): .git
2024-03-16 10:58:00.478 [info] > git rev-parse --show-toplevel [2ms]
2024-03-16 10:58:00.478 [info] fatal: not a git repository (or any of the parent directories): .git
2024-03-16 10:58:02.429 [info] > git rev-parse --show-toplevel [3ms]
2024-03-16 10:58:02.429 [info] fatal: not a git repository (or any of the parent directories): .git
2024-03-16 11:00:03.472 [info] > git rev-parse --show-toplevel [3ms]
2024-03-16 11:00:03.472 [info] fatal: not a git repository (or any of the parent directories): .git
2024-03-16 11:00:06.228 [info] > git rev-parse --show-toplevel [3ms]
2024-03-16 11:00:06.228 [info] fatal: not a git repository (or any of the parent directories): .git
2024-03-16 11:00:24.353 [info] > git rev-parse --show-toplevel [3ms]
2024-03-16 11:00:24.353 [info] fatal: not a git repository (or any of the parent directories): .git
2024-03-16 11:00:28.997 [info] > git rev-parse --show-toplevel [3ms]
2024-03-16 11:00:28.997 [info] fatal: not a git repository (or any of the parent directories): .git
2024-03-16 11:00:30.709 [info] > git rev-parse --show-toplevel [3ms]
2024-03-16 11:00:30.709 [info] fatal: not a git repository (or any of the parent directories): .git
2024-03-16 11:00:35.969 [info] > git rev-parse --show-toplevel [3ms]
2024-03-16 11:00:35.969 [info] fatal: not a git repository (or any of the parent directories): .git
2024-03-16 11:00:37.977 [info] > git rev-parse --show-toplevel [3ms]
2024-03-16 11:00:37.977 [info] fatal: not a git repository (or any of the parent directories): .git
2024-03-16 11:00:40.820 [info] > git rev-parse --show-toplevel [3ms]
2024-03-16 11:00:40.820 [info] fatal: not a git repository (or any of the parent directories): .git
2024-03-16 11:00:41.867 [info] > git rev-parse --show-toplevel [2ms]
2024-03-16 11:00:41.867 [info] fatal: not a git repository (or any of the parent directories): .git
2024-03-16 11:02:29.195 [info] > git rev-parse --show-toplevel [3ms]
2024-03-16 11:02:29.195 [info] fatal: not a git repository (or any of the parent directories): .git
2024-03-16 11:02:31.678 [info] > git rev-parse --show-toplevel [3ms]
2024-03-16 11:02:31.678 [info] fatal: not a git repository (or any of the parent directories): .git
2024-03-16 11:02:32.004 [info] > git rev-parse --show-toplevel [2ms]
2024-03-16 11:02:32.004 [info] fatal: not a git repository (or any of the parent directories): .git
2024-03-16 11:02:36.977 [info] > git rev-parse --show-toplevel [3ms]
2024-03-16 11:02:36.977 [info] fatal: not a git repository (or any of the parent directories): .git
2024-03-16 11:02:41.175 [info] > git rev-parse --show-toplevel [4ms]
2024-03-16 11:02:41.175 [info] fatal: not a git repository (or any of the parent directories): .git
2024-03-16 11:02:41.660 [info] > git rev-parse --show-toplevel [2ms]
2024-03-16 11:02:41.660 [info] fatal: not a git repository (or any of the parent directories): .git
2024-03-16 11:02:43.273 [info] > git rev-parse --show-toplevel [3ms]
2024-03-16 11:02:43.273 [info] fatal: not a git repository (or any of the parent directories): .git
2024-03-16 11:02:45.177 [info] > git rev-parse --show-toplevel [4ms]
2024-03-16 11:02:45.177 [info] fatal: not a git repository (or any of the parent directories): .git
2024-03-16 11:02:54.129 [info] > git rev-parse --show-toplevel [2ms]
2024-03-16 11:02:54.129 [info] fatal: not a git repository (or any of the parent directories): .git
2024-03-16 11:03:06.189 [info] > git rev-parse --show-toplevel [5ms]
2024-03-16 11:03:06.189 [info] fatal: not a git repository (or any of the parent directories): .git
2024-03-16 11:03:12.827 [info] > git rev-parse --show-toplevel [3ms]
2024-03-16 11:03:12.827 [info] fatal: not a git repository (or any of the parent directories): .git
2024-03-16 11:03:20.511 [info] > git rev-parse --show-toplevel [2ms]
2024-03-16 11:03:20.511 [info] fatal: not a git repository (or any of the parent directories): .git
2024-03-16 11:03:31.304 [info] > git rev-parse --show-toplevel [2ms]
2024-03-16 11:03:31.304 [info] fatal: not a git repository (or any of the parent directories): .git
2024-03-16 11:03:33.901 [info] > git rev-parse --show-toplevel [2ms]
2024-03-16 11:03:33.902 [info] fatal: not a git repository (or any of the parent directories): .git
2024-03-16 11:03:39.835 [info] > git rev-parse --show-toplevel [2ms]
2024-03-16 11:03:39.835 [info] fatal: not a git repository (or any of the parent directories): .git
2024-03-16 11:03:45.327 [info] > git rev-parse --show-toplevel [4ms]
2024-03-16 11:03:45.327 [info] fatal: not a git repository (or any of the parent directories): .git
2024-03-16 11:04:45.668 [info] > git rev-parse --show-toplevel [3ms]
2024-03-16 11:04:45.668 [info] fatal: not a git repository (or any of the parent directories): .git
2024-03-16 11:04:47.198 [info] > git rev-parse --show-toplevel [6ms]
2024-03-16 11:04:47.198 [info] fatal: not a git repository (or any of the parent directories): .git
2024-03-16 11:04:51.804 [info] > git rev-parse --show-toplevel [2ms]
2024-03-16 11:04:51.804 [info] fatal: not a git repository (or any of the parent directories): .git
2024-03-16 11:05:02.378 [info] > git rev-parse --show-toplevel [3ms]
2024-03-16 11:05:02.378 [info] fatal: not a git repository (or any of the parent directories): .git
2024-03-16 11:05:18.782 [info] > git rev-parse --show-toplevel [2ms]
2024-03-16 11:05:18.782 [info] fatal: not a git repository (or any of the parent directories): .git
2024-03-16 11:05:28.925 [info] > git rev-parse --show-toplevel [4ms]
2024-03-16 11:05:28.925 [info] fatal: not a git repository (or any of the parent directories): .git
2024-03-16 11:05:43.738 [info] > git rev-parse --show-toplevel [4ms]
2024-03-16 11:05:43.738 [info] fatal: not a git repository (or any of the parent directories): .git
2024-03-16 11:05:43.747 [info] > git rev-parse --show-toplevel [1ms]
2024-03-16 11:05:43.747 [info] fatal: not a git repository (or any of the parent directories): .git
2024-03-16 11:05:43.753 [info] > git rev-parse --show-toplevel [1ms]
2024-03-16 11:05:43.753 [info] fatal: not a git repository (or any of the parent directories): .git
2024-03-16 11:07:51.570 [info] > git rev-parse --show-toplevel [16ms]
2024-03-16 11:07:51.570 [info] fatal: not a git repository (or any of the parent directories): .git
2024-03-16 11:09:02.149 [info] > git rev-parse --show-toplevel [2ms]
2024-03-16 11:09:02.149 [info] fatal: not a git repository (or any of the parent directories): .git
2024-03-16 11:09:02.211 [info] > git rev-parse --show-toplevel [6ms]
2024-03-16 11:09:02.211 [info] fatal: not a git repository (or any of the parent directories): .git
2024-03-16 11:09:03.292 [info] > git rev-parse --show-toplevel [4ms]
2024-03-16 11:09:03.292 [info] fatal: not a git repository (or any of the parent directories): .git
2024-03-16 11:09:03.840 [info] > git rev-parse --show-toplevel [4ms]
2024-03-16 11:09:03.840 [info] fatal: not a git repository (or any of the parent directories): .git
2024-03-16 11:09:44.262 [info] > git rev-parse --show-toplevel [4ms]
2024-03-16 11:09:44.263 [info] fatal: not a git repository (or any of the parent directories): .git
2024-03-16 11:09:47.466 [info] > git rev-parse --show-toplevel [4ms]
2024-03-16 11:09:47.466 [info] fatal: not a git repository (or any of the parent directories): .git
2024-03-16 11:09:50.471 [info] > git rev-parse --show-toplevel [5ms]
2024-03-16 11:09:50.471 [info] fatal: not a git repository (or any of the parent directories): .git
2024-03-16 11:09:52.573 [info] > git rev-parse --show-toplevel [4ms]
2024-03-16 11:09:52.573 [info] fatal: not a git repository (or any of the parent directories): .git
2024-03-16 11:10:12.992 [info] > git rev-parse --show-toplevel [7ms]
2024-03-16 11:10:12.992 [info] fatal: not a git repository (or any of the parent directories): .git
2024-03-16 11:10:15.816 [info] > git rev-parse --show-toplevel [4ms]
2024-03-16 11:10:15.816 [info] fatal: not a git repository (or any of the parent directories): .git
2024-03-16 11:10:36.399 [info] > git rev-parse --show-toplevel [3ms]
2024-03-16 11:10:36.399 [info] fatal: not a git repository (or any of the parent directories): .git
2024-03-16 11:10:55.987 [info] > git rev-parse --show-toplevel [4ms]
2024-03-16 11:10:55.987 [info] fatal: not a git repository (or any of the parent directories): .git
2024-03-16 11:11:33.650 [info] > git rev-parse --show-toplevel [6ms]
2024-03-16 11:11:33.650 [info] fatal: not a git repository (or any of the parent directories): .git
2024-03-16 11:11:42.245 [info] > git rev-parse --show-toplevel [4ms]
2024-03-16 11:11:42.245 [info] fatal: not a git repository (or any of the parent directories): .git
2024-03-16 11:12:19.034 [info] > git rev-parse --show-toplevel [6ms]
2024-03-16 11:12:19.034 [info] fatal: not a git repository (or any of the parent directories): .git
2024-03-16 11:12:25.011 [info] > git rev-parse --show-toplevel [5ms]
2024-03-16 11:12:25.011 [info] fatal: not a git repository (or any of the parent directories): .git
2024-03-16 11:12:33.744 [info] > git rev-parse --show-toplevel [4ms]
2024-03-16 11:12:33.744 [info] fatal: not a git repository (or any of the parent directories): .git
2024-03-16 11:12:45.205 [info] > git rev-parse --show-toplevel [5ms]
2024-03-16 11:12:45.205 [info] fatal: not a git repository (or any of the parent directories): .git
2024-03-16 11:12:56.617 [info] > git rev-parse --show-toplevel [4ms]
2024-03-16 11:12:56.617 [info] fatal: not a git repository (or any of the parent directories): .git
2024-03-16 11:13:04.002 [info] > git rev-parse --show-toplevel [5ms]
2024-03-16 11:13:04.002 [info] fatal: not a git repository (or any of the parent directories): .git
2024-03-16 11:14:09.921 [info] > git rev-parse --show-toplevel [8ms]
2024-03-16 11:14:09.921 [info] fatal: not a git repository (or any of the parent directories): .git
2024-03-16 11:14:36.401 [info] > git rev-parse --show-toplevel [5ms]
2024-03-16 11:14:36.401 [info] fatal: not a git repository (or any of the parent directories): .git
2024-03-16 11:16:21.560 [info] > git rev-parse --show-toplevel [4ms]
2024-03-16 11:16:21.560 [info] fatal: not a git repository (or any of the parent directories): .git
2024-03-16 11:16:51.693 [info] > git rev-parse --show-toplevel [4ms]
2024-03-16 11:16:51.693 [info] fatal: not a git repository (or any of the parent directories): .git
2024-03-16 11:25:29.473 [info] > git rev-parse --show-toplevel [4ms]
2024-03-16 11:25:29.473 [info] fatal: not a git repository (or any of the parent directories): .git
2024-03-16 11:26:45.185 [info] > git rev-parse --show-toplevel [4ms]
2024-03-16 11:26:45.185 [info] fatal: not a git repository (or any of the parent directories): .git
2024-03-16 11:26:48.722 [info] > git rev-parse --show-toplevel [5ms]
2024-03-16 11:26:48.722 [info] fatal: not a git repository (or any of the parent directories): .git
2024-03-16 11:27:09.412 [info] > git rev-parse --show-toplevel [2ms]
2024-03-16 11:27:09.412 [info] fatal: not a git repository (or any of the parent directories): .git
2024-03-16 11:27:20.487 [info] > git rev-parse --show-toplevel [1ms]
2024-03-16 11:27:20.488 [info] fatal: not a git repository (or any of the parent directories): .git
2024-03-16 11:27:55.249 [info] > git rev-parse --show-toplevel [2ms]
2024-03-16 11:27:55.249 [info] fatal: not a git repository (or any of the parent directories): .git
2024-03-16 11:28:01.190 [info] > git rev-parse --show-toplevel [3ms]
2024-03-16 11:28:01.190 [info] fatal: not a git repository (or any of the parent directories): .git
2024-03-16 11:28:02.978 [info] > git rev-parse --show-toplevel [5ms]
2024-03-16 11:28:02.978 [info] fatal: not a git repository (or any of the parent directories): .git
2024-03-16 11:28:04.971 [info] > git rev-parse --show-toplevel [4ms]
2024-03-16 11:28:04.971 [info] fatal: not a git repository (or any of the parent directories): .git
2024-03-16 11:28:06.598 [info] > git rev-parse --show-toplevel [6ms]
2024-03-16 11:28:06.598 [info] fatal: not a git repository (or any of the parent directories): .git
2024-03-16 11:28:07.802 [info] > git rev-parse --show-toplevel [2ms]
2024-03-16 11:28:07.802 [info] fatal: not a git repository (or any of the parent directories): .git
2024-03-16 11:28:13.623 [info] > git rev-parse --show-toplevel [1ms]
2024-03-16 11:28:13.623 [info] fatal: not a git repository (or any of the parent directories): .git
2024-03-16 11:28:17.820 [info] > git rev-parse --show-toplevel [4ms]
2024-03-16 11:28:17.820 [info] fatal: not a git repository (or any of the parent directories): .git
2024-03-16 11:28:22.069 [info] > git rev-parse --show-toplevel [2ms]
2024-03-16 11:28:22.069 [info] fatal: not a git repository (or any of the parent directories): .git
2024-03-16 11:28:23.591 [info] > git rev-parse --show-toplevel [3ms]
2024-03-16 11:28:23.591 [info] fatal: not a git repository (or any of the parent directories): .git
2024-03-16 11:28:24.410 [info] > git rev-parse --show-toplevel [3ms]
2024-03-16 11:28:24.410 [info] fatal: not a git repository (or any of the parent directories): .git
2024-03-16 11:28:43.826 [info] > git rev-parse --show-toplevel [3ms]
2024-03-16 11:28:43.826 [info] fatal: not a git repository (or any of the parent directories): .git
2024-03-16 11:29:26.371 [info] > git rev-parse --show-toplevel [3ms]
2024-03-16 11:29:26.371 [info] fatal: not a git repository (or any of the parent directories): .git
2024-03-16 11:29:27.238 [info] > git rev-parse --show-toplevel [4ms]
2024-03-16 11:29:27.238 [info] fatal: not a git repository (or any of the parent directories): .git
2024-03-16 11:29:29.389 [info] > git rev-parse --show-toplevel [2ms]
2024-03-16 11:29:29.390 [info] fatal: not a git repository (or any of the parent directories): .git
2024-03-16 11:29:44.155 [info] > git rev-parse --show-toplevel [3ms]
2024-03-16 11:29:44.155 [info] fatal: not a git repository (or any of the parent directories): .git
2024-03-16 11:29:45.574 [info] > git rev-parse --show-toplevel [4ms]
2024-03-16 11:29:45.574 [info] fatal: not a git repository (or any of the parent directories): .git
2024-03-16 11:30:05.663 [info] > git rev-parse --show-toplevel [7ms]
2024-03-16 11:30:05.663 [info] fatal: not a git repository (or any of the parent directories): .git
2024-03-16 11:30:12.420 [info] > git rev-parse --show-toplevel [4ms]
2024-03-16 11:30:12.420 [info] fatal: not a git repository (or any of the parent directories): .git
2024-03-16 11:30:17.847 [info] > git rev-parse --show-toplevel [1ms]
2024-03-16 11:30:17.847 [info] fatal: not a git repository (or any of the parent directories): .git
2024-03-16 11:30:35.339 [info] > git rev-parse --show-toplevel [4ms]
2024-03-16 11:30:35.339 [info] fatal: not a git repository (or any of the parent directories): .git
2024-03-16 11:30:47.968 [info] > git rev-parse --show-toplevel [4ms]
2024-03-16 11:30:47.968 [info] fatal: not a git repository (or any of the parent directories): .git
2024-03-16 11:31:15.741 [info] > git rev-parse --show-toplevel [3ms]
2024-03-16 11:31:15.741 [info] fatal: not a git repository (or any of the parent directories): .git
2024-03-16 11:32:59.403 [info] > git rev-parse --show-toplevel [7ms]
2024-03-16 11:32:59.403 [info] fatal: not a git repository (or any of the parent directories): .git
2024-03-16 11:33:04.065 [info] > git rev-parse --show-toplevel [3ms]
2024-03-16 11:33:04.065 [info] fatal: not a git repository (or any of the parent directories): .git
2024-03-16 11:33:12.504 [info] > git rev-parse --show-toplevel [5ms]
2024-03-16 11:33:12.504 [info] fatal: not a git repository (or any of the parent directories): .git
2024-03-16 11:33:16.974 [info] > git rev-parse --show-toplevel [3ms]
2024-03-16 11:33:16.974 [info] fatal: not a git repository (or any of the parent directories): .git
2024-03-16 11:33:18.920 [info] > git rev-parse --show-toplevel [3ms]
2024-03-16 11:33:18.920 [info] fatal: not a git repository (or any of the parent directories): .git
2024-03-16 11:33:21.358 [info] > git rev-parse --show-toplevel [4ms]
2024-03-16 11:33:21.358 [info] fatal: not a git repository (or any of the parent directories): .git
2024-03-16 11:33:33.142 [info] > git rev-parse --show-toplevel [3ms]
2024-03-16 11:33:33.142 [info] fatal: not a git repository (or any of the parent directories): .git
2024-03-16 11:33:36.250 [info] > git rev-parse --show-toplevel [3ms]
2024-03-16 11:33:36.250 [info] fatal: not a git repository (or any of the parent directories): .git
2024-03-16 11:33:37.693 [info] > git rev-parse --show-toplevel [3ms]
2024-03-16 11:33:37.693 [info] fatal: not a git repository (or any of the parent directories): .git
2024-03-16 11:33:59.983 [info] > git rev-parse --show-toplevel [3ms]
2024-03-16 11:33:59.984 [info] fatal: not a git repository (or any of the parent directories): .git
2024-03-16 11:36:23.173 [info] > git rev-parse --show-toplevel [2ms]
2024-03-16 11:36:23.173 [info] fatal: not a git repository (or any of the parent directories): .git
2024-03-16 11:36:25.326 [info] > git rev-parse --show-toplevel [3ms]
2024-03-16 11:36:25.326 [info] fatal: not a git repository (or any of the parent directories): .git
2024-03-16 11:36:26.079 [info] > git rev-parse --show-toplevel [4ms]
2024-03-16 11:36:26.079 [info] fatal: not a git repository (or any of the parent directories): .git
2024-03-16 11:36:52.783 [info] > git rev-parse --show-toplevel [3ms]
2024-03-16 11:36:52.783 [info] fatal: not a git repository (or any of the parent directories): .git
2024-03-16 11:38:25.116 [info] > git rev-parse --show-toplevel [4ms]
2024-03-16 11:38:25.116 [info] fatal: not a git repository (or any of the parent directories): .git
2024-03-16 11:38:25.922 [info] > git rev-parse --show-toplevel [4ms]
2024-03-16 11:38:25.922 [info] fatal: not a git repository (or any of the parent directories): .git
2024-03-16 11:38:32.962 [info] > git rev-parse --show-toplevel [3ms]
2024-03-16 11:38:32.963 [info] fatal: not a git repository (or any of the parent directories): .git
2024-03-16 11:39:22.373 [info] > git rev-parse --show-toplevel [3ms]
2024-03-16 11:39:22.373 [info] fatal: not a git repository (or any of the parent directories): .git
2024-03-16 11:39:36.969 [info] > git rev-parse --show-toplevel [4ms]
2024-03-16 11:39:36.969 [info] fatal: not a git repository (or any of the parent directories): .git
2024-03-16 11:39:41.417 [info] > git rev-parse --show-toplevel [2ms]
2024-03-16 11:39:41.417 [info] fatal: not a git repository (or any of the parent directories): .git
2024-03-16 11:39:46.609 [info] > git rev-parse --show-toplevel [2ms]
2024-03-16 11:39:46.609 [info] fatal: not a git repository (or any of the parent directories): .git
2024-03-16 11:41:10.632 [info] > git rev-parse --show-toplevel [3ms]
2024-03-16 11:41:10.632 [info] fatal: not a git repository (or any of the parent directories): .git
2024-03-16 11:41:53.010 [info] > git rev-parse --show-toplevel [3ms]
2024-03-16 11:41:53.010 [info] fatal: not a git repository (or any of the parent directories): .git
2024-03-16 11:45:13.847 [info] > git rev-parse --show-toplevel [3ms]
2024-03-16 11:45:13.847 [info] fatal: not a git repository (or any of the parent directories): .git
2024-03-16 11:52:22.369 [info] > git rev-parse --show-toplevel [3ms]
2024-03-16 11:52:22.369 [info] fatal: not a git repository (or any of the parent directories): .git
2024-03-16 11:52:22.792 [info] > git rev-parse --show-toplevel [3ms]
2024-03-16 11:52:22.792 [info] fatal: not a git repository (or any of the parent directories): .git
2024-03-16 11:52:25.054 [info] > git rev-parse --show-toplevel [3ms]
2024-03-16 11:52:25.055 [info] fatal: not a git repository (or any of the parent directories): .git
2024-03-16 11:52:25.414 [info] > git rev-parse --show-toplevel [4ms]
2024-03-16 11:52:25.414 [info] fatal: not a git repository (or any of the parent directories): .git
2024-03-16 11:52:25.758 [info] > git rev-parse --show-toplevel [3ms]
2024-03-16 11:52:25.758 [info] fatal: not a git repository (or any of the parent directories): .git
2024-03-16 11:57:28.285 [info] > git rev-parse --show-toplevel [3ms]
2024-03-16 11:57:28.285 [info] fatal: not a git repository (or any of the parent directories): .git
2024-03-16 11:57:40.596 [info] > git rev-parse --show-toplevel [2ms]
2024-03-16 11:57:40.596 [info] fatal: not a git repository (or any of the parent directories): .git
2024-03-16 11:57:49.443 [info] > git rev-parse --show-toplevel [2ms]
2024-03-16 11:57:49.443 [info] fatal: not a git repository (or any of the parent directories): .git
2024-03-16 11:57:53.924 [info] > git rev-parse --show-toplevel [3ms]
2024-03-16 11:57:53.924 [info] fatal: not a git repository (or any of the parent directories): .git
2024-03-16 11:57:55.131 [info] > git rev-parse --show-toplevel [6ms]
2024-03-16 11:57:55.131 [info] fatal: not a git repository (or any of the parent directories): .git
2024-03-16 12:05:55.433 [info] > git rev-parse --show-toplevel [4ms]
2024-03-16 12:05:55.433 [info] fatal: not a git repository (or any of the parent directories): .git
2024-03-16 12:06:02.772 [info] > git rev-parse --show-toplevel [5ms]
2024-03-16 12:06:02.772 [info] fatal: not a git repository (or any of the parent directories): .git
2024-03-16 12:09:09.080 [info] > git rev-parse --show-toplevel [4ms]
2024-03-16 12:09:09.080 [info] fatal: not a git repository (or any of the parent directories): .git
2024-03-16 12:09:13.405 [info] > git rev-parse --show-toplevel [3ms]
2024-03-16 12:09:13.405 [info] fatal: not a git repository (or any of the parent directories): .git
2024-03-16 12:09:59.418 [info] > git rev-parse --show-toplevel [3ms]
2024-03-16 12:09:59.418 [info] fatal: not a git repository (or any of the parent directories): .git
2024-03-16 12:10:01.000 [info] > git rev-parse --show-toplevel [3ms]
2024-03-16 12:10:01.000 [info] fatal: not a git repository (or any of the parent directories): .git
2024-03-16 12:10:05.166 [info] > git rev-parse --show-toplevel [5ms]
2024-03-16 12:10:05.166 [info] fatal: not a git repository (or any of the parent directories): .git
2024-03-16 12:10:05.298 [info] > git rev-parse --show-toplevel [3ms]
2024-03-16 12:10:05.298 [info] fatal: not a git repository (or any of the parent directories): .git
2024-03-16 12:10:05.310 [info] > git rev-parse --show-toplevel [2ms]
2024-03-16 12:10:05.310 [info] fatal: not a git repository (or any of the parent directories): .git
2024-03-16 12:10:05.319 [info] > git rev-parse --show-toplevel [2ms]
2024-03-16 12:10:05.319 [info] fatal: not a git repository (or any of the parent directories): .git
2024-03-16 12:10:08.904 [info] > git rev-parse --show-toplevel [1ms]
2024-03-16 12:10:08.904 [info] fatal: not a git repository (or any of the parent directories): .git
2024-03-16 12:10:08.931 [info] > git rev-parse --show-toplevel [4ms]
2024-03-16 12:10:08.931 [info] fatal: not a git repository (or any of the parent directories): .git
2024-03-16 12:10:11.322 [info] > git rev-parse --show-toplevel [5ms]
2024-03-16 12:10:11.322 [info] fatal: not a git repository (or any of the parent directories): .git
2024-03-16 12:10:13.277 [info] > git rev-parse --show-toplevel [6ms]
2024-03-16 12:10:13.277 [info] fatal: not a git repository (or any of the parent directories): .git
2024-03-16 12:10:35.561 [info] > git rev-parse --show-toplevel [3ms]
2024-03-16 12:10:35.561 [info] fatal: not a git repository (or any of the parent directories): .git
2024-03-16 12:11:00.296 [info] > git rev-parse --show-toplevel [7ms]
2024-03-16 12:11:00.296 [info] fatal: not a git repository (or any of the parent directories): .git
2024-03-16 12:12:36.102 [info] > git rev-parse --show-toplevel [1ms]
2024-03-16 12:12:36.102 [info] fatal: not a git repository (or any of the parent directories): .git
2024-03-16 12:12:48.077 [info] > git rev-parse --show-toplevel [2ms]
2024-03-16 12:12:48.077 [info] fatal: not a git repository (or any of the parent directories): .git
2024-03-16 12:13:07.253 [info] > git rev-parse --show-toplevel [3ms]
2024-03-16 12:13:07.253 [info] fatal: not a git repository (or any of the parent directories): .git
2024-03-16 12:16:49.681 [info] > git rev-parse --show-toplevel [5ms]
2024-03-16 12:16:49.681 [info] fatal: not a git repository (or any of the parent directories): .git
2024-03-16 12:16:59.482 [info] > git rev-parse --show-toplevel [5ms]
2024-03-16 12:16:59.482 [info] fatal: not a git repository (or any of the parent directories): .git
2024-03-16 12:17:29.173 [info] > git rev-parse --show-toplevel [5ms]
2024-03-16 12:17:29.173 [info] fatal: not a git repository (or any of the parent directories): .git
2024-03-16 12:19:57.279 [info] > git rev-parse --show-toplevel [3ms]
2024-03-16 12:19:57.279 [info] fatal: not a git repository (or any of the parent directories): .git
2024-03-16 12:20:43.181 [info] > git rev-parse --show-toplevel [5ms]
2024-03-16 12:20:43.181 [info] fatal: not a git repository (or any of the parent directories): .git
2024-03-16 12:20:46.275 [info] > git rev-parse --show-toplevel [3ms]
2024-03-16 12:20:46.275 [info] fatal: not a git repository (or any of the parent directories): .git
2024-03-16 12:20:50.863 [info] > git rev-parse --show-toplevel [6ms]
2024-03-16 12:20:50.863 [info] fatal: not a git repository (or any of the parent directories): .git
2024-03-16 12:21:03.101 [info] > git rev-parse --show-toplevel [5ms]
2024-03-16 12:21:03.101 [info] fatal: not a git repository (or any of the parent directories): .git
2024-03-16 12:21:18.469 [info] > git rev-parse --show-toplevel [6ms]
2024-03-16 12:21:18.469 [info] fatal: not a git repository (or any of the parent directories): .git
2024-03-16 12:21:20.836 [info] > git rev-parse --show-toplevel [4ms]
2024-03-16 12:21:20.836 [info] fatal: not a git repository (or any of the parent directories): .git
2024-03-16 12:21:44.754 [info] > git rev-parse --show-toplevel [3ms]
2024-03-16 12:21:44.754 [info] fatal: not a git repository (or any of the parent directories): .git
2024-03-16 12:21:45.718 [info] > git rev-parse --show-toplevel [4ms]
2024-03-16 12:21:45.718 [info] fatal: not a git repository (or any of the parent directories): .git
2024-03-16 12:21:53.994 [info] > git rev-parse --show-toplevel [3ms]
2024-03-16 12:21:53.994 [info] fatal: not a git repository (or any of the parent directories): .git
2024-03-16 12:22:03.490 [info] > git rev-parse --show-toplevel [3ms]
2024-03-16 12:22:03.490 [info] fatal: not a git repository (or any of the parent directories): .git
2024-03-16 12:22:29.314 [info] > git rev-parse --show-toplevel [3ms]
2024-03-16 12:22:29.314 [info] fatal: not a git repository (or any of the parent directories): .git
2024-03-16 12:23:27.369 [info] > git rev-parse --show-toplevel [3ms]
2024-03-16 12:23:27.369 [info] fatal: not a git repository (or any of the parent directories): .git
2024-03-16 12:23:28.181 [info] > git rev-parse --show-toplevel [4ms]
2024-03-16 12:23:28.181 [info] fatal: not a git repository (or any of the parent directories): .git
2024-03-16 12:23:39.314 [info] > git rev-parse --show-toplevel [3ms]
2024-03-16 12:23:39.314 [info] fatal: not a git repository (or any of the parent directories): .git
