2024-03-17 15:25:00.191 [INFO]: No proxy settings found
2024-03-17 15:25:00.576 [INFO]: Creating manager directory: /tmp/9696c592-7c0c-48c2-aa9c-47c0e8369deb/codeium/manager
2024-03-17 15:25:00.888 [INFO]: Using cached LS with valid crc32: /home/unk0wn/.vscode-oss/extensions/codeium.codeium-1.8.11-universal/dist/ae9d4149edcf0d092aac843e1d0e2d395e771664/language_server_linux_x64
2024-03-17 15:25:00.895 [INFO]: Language server started
2024-03-17 15:25:01.024 [INFO]: [Language Server (stderr)]:
I0317 15:25:01.023413 19524 main.go:544] Starting language server manager with pid 19524
I0317 15:25:01.023481 19524 main.go:107] Manager acquired its lock file /tmp/9696c592-7c0c-48c2-aa9c-47c0e8369deb/codeium/manager/locks/manager.lock
2024-03-17 15:25:01.026 [INFO]: [Language Server (stderr)]:
I0317 15:25:01.024048 19524 main.go:245] Waiting for random port file in /tmp/9696c592-7c0c-48c2-aa9c-47c0e8369deb/codeium/manager/child_random_port_1710707101023592522_1340106030877869840 to be created
2024-03-17 15:25:01.140 [INFO]: [Language Server (stderr)]:
I0317 15:25:01.139715 19545 main.go:538] Starting language server process with pid 19545
I0317 15:25:01.139748 19545 server.go:151] Language server will attempt to listen on host 127.0.0.1
I0317 15:25:01.139822 19545 server.go:158] Language server listening on random port at 42709
I0317 15:25:01.139849 19545 proxy.go:113] proxyplease.proxy> No proxy provided. Attempting to infer from system.
I0317 15:25:01.139858 19545 proxy.go:113] proxyplease.proxy> No proxy could be determined. Assuming a direct connection.
2024-03-17 15:25:01.140 [INFO]: [Language Server (stderr)]:
I0317 15:25:01.139893 19545 client.go:589] [DEBUG] GET https://server.codeium.com/exa.api_server_pb.ApiServerService/GetCompletions
2024-03-17 15:25:01.332 [INFO]: [Language Server (stderr)]:
I0317 15:25:01.331347 19545 unleash.go:86] Initializing Unleash
2024-03-17 15:25:01.464 [INFO]: [Language Server (stderr)]:
I0317 15:25:01.463805 19545 unleash.go:106] Successfully initialized Unleash
2024-03-17 15:25:01.469 [INFO]: [Language Server (stderr)]:
I0317 15:25:01.468626 19545 server.go:336] Successfully created API server client
2024-03-17 15:25:01.472 [INFO]: [Language Server (stderr)]:
I0317 15:25:01.471589 19545 server.go:350] Successfully created API streaming client
2024-03-17 15:25:01.513 [INFO]: [Language Server (stderr)]:
I0317 15:25:01.513187 19545 server.go:359] Successfully initialized tokenizer
2024-03-17 15:25:01.513 [INFO]: [Language Server (stderr)]:
I0317 15:25:01.513281 19545 search_provider.go:169] Using database at /home/unk0wn/.codeium/database/9c0694567290725d9dcba14ade58e297/2/MODEL_EMBED_6591
2024-03-17 15:25:01.514 [INFO]: [Language Server (stderr)]:
I0317 15:25:01.513845 19545 search_provider.go:181] Successfully created embedding search database
2024-03-17 15:25:01.514 [INFO]: [Language Server (stderr)]:
I0317 15:25:01.514059 19545 search_provider.go:229] Successfully created embedding search provider
I0317 15:25:01.514067 19545 server.go:444] Successfully created exact search provider
2024-03-17 15:25:01.514 [INFO]: [Language Server (stderr)]:
E0317 15:25:01.514497 19545 unleash.go:57] Unleash error: Version string empty
2024-03-17 15:25:01.514 [INFO]: [Language Server (stderr)]:
E0317 15:25:01.514552 19545 unleash.go:57] Unleash error: Version string empty
E0317 15:25:01.514564 19545 unleash.go:57] Unleash error: Version string empty
E0317 15:25:01.514568 19545 unleash.go:57] Unleash error: Version string empty
2024-03-17 15:25:01.517 [INFO]: [Language Server (stderr)]:
I0317 15:25:01.517078 19545 server.go:472] Successfully created completion provider
2024-03-17 15:25:01.577 [INFO]: [Language Server (stderr)]:
I0317 15:25:01.577065 19545 server.go:548] Child process attempting to acquire lock file /tmp/9696c592-7c0c-48c2-aa9c-47c0e8369deb/codeium/manager/locks/child_lock_1710707101023623560_7484773671412613656
I0317 15:25:01.577124 19545 server.go:558] Child process acquired lock file /tmp/9696c592-7c0c-48c2-aa9c-47c0e8369deb/codeium/manager/locks/child_lock_1710707101023623560_7484773671412613656
2024-03-17 15:25:01.580 [INFO]: [Language Server (stderr)]:
I0317 15:25:01.579845 19545 server.go:178] LSP listening on random port at 35043
2024-03-17 15:25:01.580 [INFO]: [Language Server (stderr)]:
I0317 15:25:01.580212 19545 web_server.go:235] Chat Web Server listening at ws://127.0.0.1:34681
2024-03-17 15:25:01.627 [INFO]: [Language Server (stdout)]:
35043
2024-03-17 15:25:01.627 [INFO]: [Language Server (stderr)]:
I0317 15:25:01.627484 19524 main.go:281] Language server manager found random server port 42709
I0317 15:25:01.627505 19524 main.go:282] Language server manager found random lsp port 35043
I0317 15:25:01.627515 19524 main.go:289] Language server manager attempting to connect to language server at 127.0.0.1:42709
2024-03-17 15:25:01.644 [INFO]: [Language Server (stderr)]:
I0317 15:25:01.644281 19524 main.go:160] Fixing language server port at 42709
I0317 15:25:01.644294 19524 main.go:340] Language server manager successfully connected to new language server at 127.0.0.1:42709
2024-03-17 15:25:01.699 [INFO]: Found language server running on port 42709
2024-03-17 15:25:01.710 [INFO]: Downloaded binary: /home/unk0wn/.codeium/bin/af6b6c543b224d348a8876f0c06245d9ea7929c5/ripgrep_linux_x64
2024-03-17 15:25:01.819 [INFO]: [Language Server (stderr)]:
I0317 15:25:01.818668 19545 rpcs_miscellaneous.go:301] University version is up to date.
2024-03-17 15:25:01.845 [INFO]: [Language Server (stderr)]:
I0317 15:25:01.843272 19545 rpcs_seat_management.go:94] GetUserStatus Request: metadata:{ide_name:"vscode" ide_version:"VSCodium 1.87.1" extension_name:"vscode" extension_version:"1.8.11" api_key:"d64f76b7-d802-4704-b4b3-583168f2f64e" locale:"en" disable_telemetry:true session_id:"f0772487-2ab6-4922-954d-819d40bb7ccb" request_id:2 extension_path:"/home/unk0wn/.vscode-oss/extensions/codeium.codeium-1.8.11-universal"}
2024-03-17 15:25:01.882 [INFO]: [Language Server (stderr)]:
I0317 15:25:01.879145 19545 rpcs_seat_management.go:103] GetUserStatus Response: user_status:{pro:true name:"Asher" email:"asherlr2@gmail.com"}
2024-03-17 15:25:10.387 [INFO]: Disposing language server process
2024-03-17 15:25:10.388 [INFO]: Deleting manager directory: /tmp/9696c592-7c0c-48c2-aa9c-47c0e8369deb/codeium/manager
2024-03-17 15:25:10.388 [INFO]: Successfully disposed language server
