2024-03-17 15:24:58.921 [info] Added views:workbench.panel.markers.view in workbench.panel.markers
2024-03-17 15:24:58.921 [info] Added views:workbench.panel.output in workbench.panel.output
2024-03-17 15:24:58.921 [info] Added views:terminal in terminal
2024-03-17 15:24:58.921 [info] Added views:outline in workbench.view.explorer
2024-03-17 15:24:58.921 [info] Added views:workbench.scm in workbench.view.scm
2024-03-17 15:24:58.921 [info] Added views:workbench.view.search in workbench.view.search
2024-03-17 15:24:58.921 [info] Added views:timeline in workbench.view.explorer
2024-03-17 15:24:58.921 [info] Added views:workbench.explorer.fileView in workbench.view.explorer
2024-03-17 15:24:59.065 [info] Added views:workbench.debug.variablesView,workbench.debug.watchExpressionsView,workbench.debug.callStackView,workbench.debug.breakPointsView in workbench.view.debug
2024-03-17 15:24:59.155 [info] Added views:codeium.chatPanelView,codeium.searchPanelView in workbench.view.extension.codeium
2024-03-17 15:24:59.155 [info] Added views:thunder-client-sidebar in workbench.view.extension.thunder-client
2024-03-17 15:24:59.394 [info] Added views:workbench.panel.repl.view in workbench.panel.repl
2024-03-17 15:24:59.862 [info] Added views:~remote.forwardedPorts in ~remote.forwardedPortsContainer
2024-03-17 15:25:00.576 [info] Added views:workbench.panel.comments in workbench.panel.comments
2024-03-17 15:25:11.105 [info] Added views:workbench.panel.markers.view in workbench.panel.markers
2024-03-17 15:25:11.105 [info] Added views:workbench.panel.output in workbench.panel.output
2024-03-17 15:25:11.105 [info] Added views:terminal in terminal
2024-03-17 15:25:11.105 [info] Added views:outline in workbench.view.explorer
2024-03-17 15:25:11.105 [info] Added views:workbench.scm in workbench.view.scm
2024-03-17 15:25:11.105 [info] Added views:workbench.view.search in workbench.view.search
2024-03-17 15:25:11.105 [info] Added views:timeline in workbench.view.explorer
2024-03-17 15:25:11.105 [info] Added views:workbench.explorer.fileView in workbench.view.explorer
2024-03-17 15:25:11.248 [info] Added views:codeium.chatPanelView,codeium.searchPanelView in workbench.view.extension.codeium
2024-03-17 15:25:11.249 [info] Added views:thunder-client-sidebar in workbench.view.extension.thunder-client
2024-03-17 15:25:11.357 [info] Added views:workbench.debug.variablesView,workbench.debug.watchExpressionsView,workbench.debug.callStackView,workbench.debug.breakPointsView in workbench.view.debug
2024-03-17 15:25:11.411 [info] Added views:workbench.panel.repl.view in workbench.panel.repl
2024-03-17 15:25:11.412 [info] Removed views:workbench.debug.breakPointsView,workbench.debug.callStackView,workbench.debug.watchExpressionsView,workbench.debug.variablesView from workbench.view.debug
2024-03-17 15:25:11.412 [info] Added views:workbench.debug.welcome in workbench.view.debug
2024-03-17 15:25:11.428 [info] Added views:~remote.forwardedPorts in ~remote.forwardedPortsContainer
2024-03-17 15:25:12.168 [info] Added views:workbench.panel.comments in workbench.panel.comments
2024-03-17 15:25:19.460 [info] Added views:workbench.panel.markers.view in workbench.panel.markers
2024-03-17 15:25:19.460 [info] Added views:workbench.panel.output in workbench.panel.output
2024-03-17 15:25:19.460 [info] Added views:terminal in terminal
2024-03-17 15:25:19.460 [info] Added views:outline in workbench.view.explorer
2024-03-17 15:25:19.460 [info] Added views:workbench.scm in workbench.view.scm
2024-03-17 15:25:19.460 [info] Added views:workbench.view.search in workbench.view.search
2024-03-17 15:25:19.460 [info] Added views:timeline in workbench.view.explorer
2024-03-17 15:25:19.460 [info] Added views:workbench.explorer.fileView in workbench.view.explorer
2024-03-17 15:25:19.707 [info] Added views:workbench.debug.variablesView,workbench.debug.watchExpressionsView,workbench.debug.callStackView,workbench.debug.breakPointsView in workbench.view.debug
2024-03-17 15:25:19.746 [info] Added views:~remote.forwardedPorts in ~remote.forwardedPortsContainer
2024-03-17 15:25:19.814 [info] Added views:workbench.panel.repl.view in workbench.panel.repl
2024-03-17 15:25:19.815 [info] Removed views:workbench.debug.breakPointsView,workbench.debug.callStackView,workbench.debug.watchExpressionsView,workbench.debug.variablesView from workbench.view.debug
2024-03-17 15:25:19.816 [info] Added views:workbench.debug.welcome in workbench.view.debug
2024-03-17 15:25:26.556 [info] Added views:codeium.chatPanelView,codeium.searchPanelView in workbench.view.extension.codeium
2024-03-17 15:25:26.557 [info] Added views:thunder-client-sidebar in workbench.view.extension.thunder-client
2024-03-17 15:25:27.157 [info] Added views:workbench.panel.comments in workbench.panel.comments
